05-Apr-2018 15:34:10.224 WARNING [main] org.apache.tomcat.util.net.SSLHostConfig.setProtocols The protocol [TLSv1.1] was added to the list of protocols on the SSLHostConfig named [_default_]. Check if a +/- prefix is missing.
05-Apr-2018 15:34:10.302 WARNING [main] org.apache.tomcat.util.net.SSLHostConfig.setProtocols The protocol [TLSv1.2] was added to the list of protocols on the SSLHostConfig named [_default_]. Check if a +/- prefix is missing.
05-Apr-2018 15:34:10.420 INFO [main] org.apache.catalina.startup.VersionLoggerListener.log Server version:        Apache Tomcat/8.5.20
05-Apr-2018 15:34:10.420 INFO [main] org.apache.catalina.startup.VersionLoggerListener.log Server built:          Aug 2 2017 21:35:49 UTC
05-Apr-2018 15:34:10.420 INFO [main] org.apache.catalina.startup.VersionLoggerListener.log Server number:         8.5.20.0
05-Apr-2018 15:34:10.436 INFO [main] org.apache.catalina.startup.VersionLoggerListener.log OS Name:               Windows 7
05-Apr-2018 15:34:10.437 INFO [main] org.apache.catalina.startup.VersionLoggerListener.log OS Version:            6.1
05-Apr-2018 15:34:10.437 INFO [main] org.apache.catalina.startup.VersionLoggerListener.log Architecture:          amd64
05-Apr-2018 15:34:10.437 INFO [main] org.apache.catalina.startup.VersionLoggerListener.log Java Home:             C:\Program Files\Java\jdk1.8.0_161\jre
05-Apr-2018 15:34:10.437 INFO [main] org.apache.catalina.startup.VersionLoggerListener.log JVM Version:           1.8.0_161-b12
05-Apr-2018 15:34:10.437 INFO [main] org.apache.catalina.startup.VersionLoggerListener.log JVM Vendor:            Oracle Corporation
05-Apr-2018 15:34:10.437 INFO [main] org.apache.catalina.startup.VersionLoggerListener.log CATALINA_BASE:         C:\KonaKart
05-Apr-2018 15:34:10.437 INFO [main] org.apache.catalina.startup.VersionLoggerListener.log CATALINA_HOME:         C:\KonaKart
05-Apr-2018 15:34:10.453 INFO [main] org.apache.catalina.startup.VersionLoggerListener.log Command line argument: -Djava.util.logging.config.file=C:\KonaKart\bin\/..\conf\logging.properties
05-Apr-2018 15:34:10.453 INFO [main] org.apache.catalina.startup.VersionLoggerListener.log Command line argument: -Djava.util.logging.manager=org.apache.juli.ClassLoaderLogManager
05-Apr-2018 15:34:10.453 INFO [main] org.apache.catalina.startup.VersionLoggerListener.log Command line argument: -Djdk.tls.ephemeralDHKeySize=2048
05-Apr-2018 15:34:10.453 INFO [main] org.apache.catalina.startup.VersionLoggerListener.log Command line argument: -Djava.protocol.handler.pkgs=org.apache.catalina.webresources
05-Apr-2018 15:34:10.453 INFO [main] org.apache.catalina.startup.VersionLoggerListener.log Command line argument: -XX:PermSize=256m
05-Apr-2018 15:34:10.453 INFO [main] org.apache.catalina.startup.VersionLoggerListener.log Command line argument: -XX:MaxPermSize=256m
05-Apr-2018 15:34:10.453 INFO [main] org.apache.catalina.startup.VersionLoggerListener.log Command line argument: -Xmx1400m
05-Apr-2018 15:34:10.453 INFO [main] org.apache.catalina.startup.VersionLoggerListener.log Command line argument: -Dsolr.solr.home=C:\KonaKart\bin\/../solr
05-Apr-2018 15:34:10.468 INFO [main] org.apache.catalina.startup.VersionLoggerListener.log Command line argument: -Djava.awt.headless=true
05-Apr-2018 15:34:10.468 INFO [main] org.apache.catalina.startup.VersionLoggerListener.log Command line argument: -Dactivemq.store.dir=C:\KonaKart\bin\/../mq
05-Apr-2018 15:34:10.468 INFO [main] org.apache.catalina.startup.VersionLoggerListener.log Command line argument: -Dlog4j.debug=true
05-Apr-2018 15:34:10.468 INFO [main] org.apache.catalina.startup.VersionLoggerListener.log Command line argument: -Dkk.log4j.debug=true
05-Apr-2018 15:34:10.468 INFO [main] org.apache.catalina.startup.VersionLoggerListener.log Command line argument: -Dcatalina.base=C:\KonaKart\bin\/..
05-Apr-2018 15:34:10.468 INFO [main] org.apache.catalina.startup.VersionLoggerListener.log Command line argument: -Dcatalina.home=C:\KonaKart\bin\/..
05-Apr-2018 15:34:10.468 INFO [main] org.apache.catalina.startup.VersionLoggerListener.log Command line argument: -Djava.io.tmpdir=C:\KonaKart\bin\/..\temp
05-Apr-2018 15:34:10.468 INFO [main] org.apache.catalina.core.AprLifecycleListener.lifecycleEvent The APR based Apache Tomcat Native library which allows optimal performance in production environments was not found on the java.library.path: [C:\Program Files\Java\jdk1.8.0_161\bin;C:\Windows\Sun\Java\bin;C:\Windows\system32;C:\Windows;C:/Users/konakart/AppData/Local/Temp/ijtmp_83E2BBEA-7CEA-4CBE-8328-A9DA995AE97B/bin;C:\ProgramData\Oracle\Java\javapath;C:\Windows\system32;C:\Windows;C:\Windows\System32\Wbem;C:\Windows\System32\WindowsPowerShell\v1.0\;C:\Program Files\Java\jdk1.8.0_161\bin;.]
05-Apr-2018 15:34:11.193 INFO [main] org.apache.coyote.AbstractProtocol.init Initializing ProtocolHandler ["http-nio-8780"]
05-Apr-2018 15:34:11.715 INFO [main] org.apache.tomcat.util.net.NioSelectorPool.getSharedSelector Using a shared selector for servlet write/read
05-Apr-2018 15:34:11.746 INFO [main] org.apache.coyote.AbstractProtocol.init Initializing ProtocolHandler ["https-jsse-nio-8783"]
05-Apr-2018 15:34:12.373 INFO [main] org.apache.tomcat.util.net.NioSelectorPool.getSharedSelector Using a shared selector for servlet write/read
05-Apr-2018 15:34:12.373 INFO [main] org.apache.coyote.AbstractProtocol.init Initializing ProtocolHandler ["ajp-nio-8788"]
05-Apr-2018 15:34:12.388 INFO [main] org.apache.tomcat.util.net.NioSelectorPool.getSharedSelector Using a shared selector for servlet write/read
05-Apr-2018 15:34:12.388 INFO [main] org.apache.catalina.startup.Catalina.load Initialization processed in 3531 ms
05-Apr-2018 15:34:12.514 INFO [main] org.apache.catalina.core.StandardService.startInternal Starting service [Catalina]
05-Apr-2018 15:34:12.514 INFO [main] org.apache.catalina.core.StandardEngine.startInternal Starting Servlet Engine: Apache Tomcat/8.5.20
05-Apr-2018 15:34:12.531 INFO [localhost-startStop-1] org.apache.catalina.startup.HostConfig.deployDirectory Deploying web application directory [C:\KonaKart\webapps\birtviewer]
05-Apr-2018 15:34:14.841 INFO [localhost-startStop-1] org.apache.jasper.servlet.TldScanner.scanJars At least one JAR was scanned for TLDs yet contained no TLDs. Enable debug logging for this logger for a complete list of JARs that were scanned but no TLDs were found in them. Skipping unneeded JARs during scanning can improve startup time and JSP compilation time.
05-Apr-2018 15:34:18.079 INFO [localhost-startStop-1] org.apache.catalina.startup.HostConfig.deployDirectory Deployment of web application directory [C:\KonaKart\webapps\birtviewer] has finished in [5,548] ms
05-Apr-2018 15:34:18.079 INFO [localhost-startStop-1] org.apache.catalina.startup.HostConfig.deployDirectory Deploying web application directory [C:\KonaKart\webapps\javadoc]
05-Apr-2018 15:34:18.110 INFO [localhost-startStop-1] org.apache.catalina.startup.HostConfig.deployDirectory Deployment of web application directory [C:\KonaKart\webapps\javadoc] has finished in [31] ms
05-Apr-2018 15:34:18.110 INFO [localhost-startStop-1] org.apache.catalina.startup.HostConfig.deployDirectory Deploying web application directory [C:\KonaKart\webapps\konakart]
05-Apr-2018 15:34:19.253 INFO [localhost-startStop-1] org.apache.jasper.servlet.TldScanner.scanJars At least one JAR was scanned for TLDs yet contained no TLDs. Enable debug logging for this logger for a complete list of JARs that were scanned but no TLDs were found in them. Skipping unneeded JARs during scanning can improve startup time and JSP compilation time.
05-Apr-2018 15:34:25.411 INFO [localhost-startStop-1] org.apache.catalina.startup.HostConfig.deployDirectory Deployment of web application directory [C:\KonaKart\webapps\konakart] has finished in [7,301] ms
05-Apr-2018 15:34:25.411 INFO [localhost-startStop-1] org.apache.catalina.startup.HostConfig.deployDirectory Deploying web application directory [C:\KonaKart\webapps\konakartadmin]
05-Apr-2018 15:34:27.949 INFO [localhost-startStop-1] org.apache.jasper.servlet.TldScanner.scanJars At least one JAR was scanned for TLDs yet contained no TLDs. Enable debug logging for this logger for a complete list of JARs that were scanned but no TLDs were found in them. Skipping unneeded JARs during scanning can improve startup time and JSP compilation time.
05-Apr-2018 15:34:32.308 INFO [localhost-startStop-1] org.apache.catalina.startup.HostConfig.deployDirectory Deployment of web application directory [C:\KonaKart\webapps\konakartadmin] has finished in [6,897] ms
05-Apr-2018 15:34:32.308 INFO [localhost-startStop-1] org.apache.catalina.startup.HostConfig.deployDirectory Deploying web application directory [C:\KonaKart\webapps\ROOT]
05-Apr-2018 15:34:32.340 INFO [localhost-startStop-1] org.apache.catalina.startup.HostConfig.deployDirectory Deployment of web application directory [C:\KonaKart\webapps\ROOT] has finished in [32] ms
05-Apr-2018 15:34:32.340 INFO [main] org.apache.coyote.AbstractProtocol.start Starting ProtocolHandler ["http-nio-8780"]
05-Apr-2018 15:34:32.355 INFO [main] org.apache.coyote.AbstractProtocol.start Starting ProtocolHandler ["https-jsse-nio-8783"]
05-Apr-2018 15:34:32.355 INFO [main] org.apache.coyote.AbstractProtocol.start Starting ProtocolHandler ["ajp-nio-8788"]
05-Apr-2018 15:34:32.372 INFO [main] org.apache.catalina.startup.Catalina.start Server startup in 20025 ms
05-Apr-2018 16:55:24.770 INFO [main] org.apache.catalina.core.StandardServer.await A valid shutdown command was received via the shutdown port. Stopping the Server instance.
05-Apr-2018 16:55:24.773 INFO [main] org.apache.coyote.AbstractProtocol.pause Pausing ProtocolHandler ["http-nio-8780"]
05-Apr-2018 16:55:24.834 INFO [main] org.apache.coyote.AbstractProtocol.pause Pausing ProtocolHandler ["https-jsse-nio-8783"]
05-Apr-2018 16:55:24.929 INFO [main] org.apache.coyote.AbstractProtocol.pause Pausing ProtocolHandler ["ajp-nio-8788"]
05-Apr-2018 16:55:25.025 INFO [main] org.apache.catalina.core.StandardService.stopInternal Stopping service [Catalina]
05-Apr-2018 16:55:25.174 WARNING [localhost-startStop-2] org.apache.catalina.loader.WebappClassLoaderBase.clearReferencesJdbc The web application [konakart] registered the JDBC driver [com.mysql.jdbc.Driver] but failed to unregister it when the web application was stopped. To prevent a memory leak, the JDBC Driver has been forcibly unregistered.
05-Apr-2018 16:55:25.179 WARNING [localhost-startStop-2] org.apache.catalina.loader.WebappClassLoaderBase.clearReferencesThreads The web application [konakart] appears to have started a thread named [Log4j2-TF-4-Scheduled-2] but has failed to stop it. This is very likely to create a memory leak. Stack trace of thread:
 sun.misc.Unsafe.park(Native Method)
 java.util.concurrent.locks.LockSupport.parkNanos(LockSupport.java:215)
 java.util.concurrent.locks.AbstractQueuedSynchronizer$ConditionObject.awaitNanos(AbstractQueuedSynchronizer.java:2078)
 java.util.concurrent.ScheduledThreadPoolExecutor$DelayedWorkQueue.take(ScheduledThreadPoolExecutor.java:1093)
 java.util.concurrent.ScheduledThreadPoolExecutor$DelayedWorkQueue.take(ScheduledThreadPoolExecutor.java:809)
 java.util.concurrent.ThreadPoolExecutor.getTask(ThreadPoolExecutor.java:1074)
 java.util.concurrent.ThreadPoolExecutor.runWorker(ThreadPoolExecutor.java:1134)
 java.util.concurrent.ThreadPoolExecutor$Worker.run(ThreadPoolExecutor.java:624)
 java.lang.Thread.run(Thread.java:748)
05-Apr-2018 16:55:25.184 WARNING [localhost-startStop-2] org.apache.catalina.loader.WebappClassLoaderBase.clearReferencesThreads The web application [konakart] appears to have started a thread named [Abandoned connection cleanup thread] but has failed to stop it. This is very likely to create a memory leak. Stack trace of thread:
 java.lang.Object.wait(Native Method)
 java.lang.ref.ReferenceQueue.remove(ReferenceQueue.java:143)
 com.mysql.jdbc.AbandonedConnectionCleanupThread.run(AbandonedConnectionCleanupThread.java:43)
05-Apr-2018 16:55:25.215 WARNING [localhost-startStop-2] org.apache.catalina.loader.WebappClassLoaderBase.clearReferencesJdbc The web application [konakartadmin] registered the JDBC driver [com.mysql.jdbc.Driver] but failed to unregister it when the web application was stopped. To prevent a memory leak, the JDBC Driver has been forcibly unregistered.
05-Apr-2018 16:55:25.217 WARNING [localhost-startStop-2] org.apache.catalina.loader.WebappClassLoaderBase.clearReferencesThreads The web application [konakartadmin] appears to have started a thread named [Log4j2-TF-4-Scheduled-2] but has failed to stop it. This is very likely to create a memory leak. Stack trace of thread:
 sun.misc.Unsafe.park(Native Method)
 java.util.concurrent.locks.LockSupport.parkNanos(LockSupport.java:215)
 java.util.concurrent.locks.AbstractQueuedSynchronizer$ConditionObject.awaitNanos(AbstractQueuedSynchronizer.java:2078)
 java.util.concurrent.ScheduledThreadPoolExecutor$DelayedWorkQueue.take(ScheduledThreadPoolExecutor.java:1093)
 java.util.concurrent.ScheduledThreadPoolExecutor$DelayedWorkQueue.take(ScheduledThreadPoolExecutor.java:809)
 java.util.concurrent.ThreadPoolExecutor.getTask(ThreadPoolExecutor.java:1074)
 java.util.concurrent.ThreadPoolExecutor.runWorker(ThreadPoolExecutor.java:1134)
 java.util.concurrent.ThreadPoolExecutor$Worker.run(ThreadPoolExecutor.java:624)
 java.lang.Thread.run(Thread.java:748)
05-Apr-2018 16:55:25.222 WARNING [localhost-startStop-2] org.apache.catalina.loader.WebappClassLoaderBase.clearReferencesThreads The web application [konakartadmin] appears to have started a thread named [Abandoned connection cleanup thread] but has failed to stop it. This is very likely to create a memory leak. Stack trace of thread:
 java.lang.Object.wait(Native Method)
 java.lang.ref.ReferenceQueue.remove(ReferenceQueue.java:143)
 com.mysql.jdbc.AbandonedConnectionCleanupThread.run(AbandonedConnectionCleanupThread.java:43)
05-Apr-2018 16:55:25.226 WARNING [localhost-startStop-2] org.apache.catalina.loader.WebappClassLoaderBase.clearReferencesThreads The web application [konakartadmin] appears to have started a thread named [Thread-8] but has failed to stop it. This is very likely to create a memory leak. Stack trace of thread:
 java.lang.Thread.sleep(Native Method)
 com.konakartadmin.bl.AdminConfigCacheUpdater.run(AdminConfigCacheUpdater.java:236)
05-Apr-2018 16:55:25.258 INFO [main] org.apache.coyote.AbstractProtocol.stop Stopping ProtocolHandler ["http-nio-8780"]
05-Apr-2018 16:55:25.266 INFO [main] org.apache.coyote.AbstractProtocol.stop Stopping ProtocolHandler ["https-jsse-nio-8783"]
05-Apr-2018 16:55:25.305 INFO [main] org.apache.coyote.AbstractProtocol.stop Stopping ProtocolHandler ["ajp-nio-8788"]
05-Apr-2018 16:55:25.310 INFO [main] org.apache.coyote.AbstractProtocol.destroy Destroying ProtocolHandler ["http-nio-8780"]
05-Apr-2018 16:55:25.313 INFO [main] org.apache.coyote.AbstractProtocol.destroy Destroying ProtocolHandler ["https-jsse-nio-8783"]
05-Apr-2018 16:55:25.315 INFO [main] org.apache.coyote.AbstractProtocol.destroy Destroying ProtocolHandler ["ajp-nio-8788"]
05-Apr-2018 16:55:33.568 WARNING [main] org.apache.tomcat.util.net.SSLHostConfig.setProtocols The protocol [TLSv1.1] was added to the list of protocols on the SSLHostConfig named [_default_]. Check if a +/- prefix is missing.
05-Apr-2018 16:55:33.584 WARNING [main] org.apache.tomcat.util.net.SSLHostConfig.setProtocols The protocol [TLSv1.2] was added to the list of protocols on the SSLHostConfig named [_default_]. Check if a +/- prefix is missing.
05-Apr-2018 16:55:33.658 INFO [main] org.apache.catalina.startup.VersionLoggerListener.log Server version:        Apache Tomcat/8.5.20
05-Apr-2018 16:55:33.660 INFO [main] org.apache.catalina.startup.VersionLoggerListener.log Server built:          Aug 2 2017 21:35:49 UTC
05-Apr-2018 16:55:33.662 INFO [main] org.apache.catalina.startup.VersionLoggerListener.log Server number:         8.5.20.0
05-Apr-2018 16:55:33.663 INFO [main] org.apache.catalina.startup.VersionLoggerListener.log OS Name:               Windows 7
05-Apr-2018 16:55:33.664 INFO [main] org.apache.catalina.startup.VersionLoggerListener.log OS Version:            6.1
05-Apr-2018 16:55:33.666 INFO [main] org.apache.catalina.startup.VersionLoggerListener.log Architecture:          amd64
05-Apr-2018 16:55:33.667 INFO [main] org.apache.catalina.startup.VersionLoggerListener.log Java Home:             C:\Program Files\Java\jdk1.8.0_161\jre
05-Apr-2018 16:55:33.669 INFO [main] org.apache.catalina.startup.VersionLoggerListener.log JVM Version:           1.8.0_161-b12
05-Apr-2018 16:55:33.672 INFO [main] org.apache.catalina.startup.VersionLoggerListener.log JVM Vendor:            Oracle Corporation
05-Apr-2018 16:55:33.673 INFO [main] org.apache.catalina.startup.VersionLoggerListener.log CATALINA_BASE:         C:\KonaKart
05-Apr-2018 16:55:33.676 INFO [main] org.apache.catalina.startup.VersionLoggerListener.log CATALINA_HOME:         C:\KonaKart
05-Apr-2018 16:55:33.677 INFO [main] org.apache.catalina.startup.VersionLoggerListener.log Command line argument: -Djava.util.logging.config.file=C:\KonaKart\bin\/..\conf\logging.properties
05-Apr-2018 16:55:33.678 INFO [main] org.apache.catalina.startup.VersionLoggerListener.log Command line argument: -Djava.util.logging.manager=org.apache.juli.ClassLoaderLogManager
05-Apr-2018 16:55:33.680 INFO [main] org.apache.catalina.startup.VersionLoggerListener.log Command line argument: -Djdk.tls.ephemeralDHKeySize=2048
05-Apr-2018 16:55:33.682 INFO [main] org.apache.catalina.startup.VersionLoggerListener.log Command line argument: -Djava.protocol.handler.pkgs=org.apache.catalina.webresources
05-Apr-2018 16:55:33.685 INFO [main] org.apache.catalina.startup.VersionLoggerListener.log Command line argument: -XX:PermSize=256m
05-Apr-2018 16:55:33.688 INFO [main] org.apache.catalina.startup.VersionLoggerListener.log Command line argument: -XX:MaxPermSize=256m
05-Apr-2018 16:55:33.689 INFO [main] org.apache.catalina.startup.VersionLoggerListener.log Command line argument: -Xmx1400m
05-Apr-2018 16:55:33.691 INFO [main] org.apache.catalina.startup.VersionLoggerListener.log Command line argument: -Dsolr.solr.home=C:\KonaKart\bin\/../solr
05-Apr-2018 16:55:33.692 INFO [main] org.apache.catalina.startup.VersionLoggerListener.log Command line argument: -Djava.awt.headless=true
05-Apr-2018 16:55:33.694 INFO [main] org.apache.catalina.startup.VersionLoggerListener.log Command line argument: -Dactivemq.store.dir=C:\KonaKart\bin\/../mq
05-Apr-2018 16:55:33.696 INFO [main] org.apache.catalina.startup.VersionLoggerListener.log Command line argument: -Dlog4j.debug=true
05-Apr-2018 16:55:33.697 INFO [main] org.apache.catalina.startup.VersionLoggerListener.log Command line argument: -Dkk.log4j.debug=true
05-Apr-2018 16:55:33.699 INFO [main] org.apache.catalina.startup.VersionLoggerListener.log Command line argument: -Dcatalina.base=C:\KonaKart\bin\/..
05-Apr-2018 16:55:33.702 INFO [main] org.apache.catalina.startup.VersionLoggerListener.log Command line argument: -Dcatalina.home=C:\KonaKart\bin\/..
05-Apr-2018 16:55:33.704 INFO [main] org.apache.catalina.startup.VersionLoggerListener.log Command line argument: -Djava.io.tmpdir=C:\KonaKart\bin\/..\temp
05-Apr-2018 16:55:33.706 INFO [main] org.apache.catalina.core.AprLifecycleListener.lifecycleEvent The APR based Apache Tomcat Native library which allows optimal performance in production environments was not found on the java.library.path: [C:\Program Files\Java\jdk1.8.0_161\bin;C:\Windows\Sun\Java\bin;C:\Windows\system32;C:\Windows;C:\ProgramData\Oracle\Java\javapath;C:\Windows\system32;C:\Windows;C:\Windows\System32\Wbem;C:\Windows\System32\WindowsPowerShell\v1.0\;C:\Program Files\Java\jdk1.8.0_161\bin;.]
05-Apr-2018 16:55:34.138 INFO [main] org.apache.coyote.AbstractProtocol.init Initializing ProtocolHandler ["http-nio-8780"]
05-Apr-2018 16:55:34.439 INFO [main] org.apache.tomcat.util.net.NioSelectorPool.getSharedSelector Using a shared selector for servlet write/read
05-Apr-2018 16:55:34.444 INFO [main] org.apache.coyote.AbstractProtocol.init Initializing ProtocolHandler ["https-jsse-nio-8783"]
05-Apr-2018 16:55:34.838 INFO [main] org.apache.tomcat.util.net.NioSelectorPool.getSharedSelector Using a shared selector for servlet write/read
05-Apr-2018 16:55:34.841 INFO [main] org.apache.coyote.AbstractProtocol.init Initializing ProtocolHandler ["ajp-nio-8788"]
05-Apr-2018 16:55:34.846 INFO [main] org.apache.tomcat.util.net.NioSelectorPool.getSharedSelector Using a shared selector for servlet write/read
05-Apr-2018 16:55:34.848 INFO [main] org.apache.catalina.startup.Catalina.load Initialization processed in 2571 ms
05-Apr-2018 16:55:34.923 INFO [main] org.apache.catalina.core.StandardService.startInternal Starting service [Catalina]
05-Apr-2018 16:55:34.925 INFO [main] org.apache.catalina.core.StandardEngine.startInternal Starting Servlet Engine: Apache Tomcat/8.5.20
05-Apr-2018 16:55:34.951 INFO [localhost-startStop-1] org.apache.catalina.startup.HostConfig.deployDirectory Deploying web application directory [C:\KonaKart\webapps\birtviewer]
05-Apr-2018 16:55:38.904 INFO [localhost-startStop-1] org.apache.jasper.servlet.TldScanner.scanJars At least one JAR was scanned for TLDs yet contained no TLDs. Enable debug logging for this logger for a complete list of JARs that were scanned but no TLDs were found in them. Skipping unneeded JARs during scanning can improve startup time and JSP compilation time.
05-Apr-2018 16:55:42.975 INFO [localhost-startStop-1] org.apache.catalina.startup.HostConfig.deployDirectory Deployment of web application directory [C:\KonaKart\webapps\birtviewer] has finished in [8,016] ms
05-Apr-2018 16:55:42.978 INFO [localhost-startStop-1] org.apache.catalina.startup.HostConfig.deployDirectory Deploying web application directory [C:\KonaKart\webapps\javadoc]
05-Apr-2018 16:55:43.012 INFO [localhost-startStop-1] org.apache.catalina.startup.HostConfig.deployDirectory Deployment of web application directory [C:\KonaKart\webapps\javadoc] has finished in [34] ms
05-Apr-2018 16:55:43.015 INFO [localhost-startStop-1] org.apache.catalina.startup.HostConfig.deployDirectory Deploying web application directory [C:\KonaKart\webapps\konakart]
05-Apr-2018 16:55:45.131 INFO [localhost-startStop-1] org.apache.jasper.servlet.TldScanner.scanJars At least one JAR was scanned for TLDs yet contained no TLDs. Enable debug logging for this logger for a complete list of JARs that were scanned but no TLDs were found in them. Skipping unneeded JARs during scanning can improve startup time and JSP compilation time.
05-Apr-2018 16:55:53.489 INFO [localhost-startStop-1] org.apache.catalina.startup.HostConfig.deployDirectory Deployment of web application directory [C:\KonaKart\webapps\konakart] has finished in [10,474] ms
05-Apr-2018 16:55:53.494 INFO [localhost-startStop-1] org.apache.catalina.startup.HostConfig.deployDirectory Deploying web application directory [C:\KonaKart\webapps\konakartadmin]
05-Apr-2018 16:55:55.323 INFO [localhost-startStop-1] org.apache.jasper.servlet.TldScanner.scanJars At least one JAR was scanned for TLDs yet contained no TLDs. Enable debug logging for this logger for a complete list of JARs that were scanned but no TLDs were found in them. Skipping unneeded JARs during scanning can improve startup time and JSP compilation time.
05-Apr-2018 16:56:00.365 INFO [localhost-startStop-1] org.apache.catalina.startup.HostConfig.deployDirectory Deployment of web application directory [C:\KonaKart\webapps\konakartadmin] has finished in [6,871] ms
05-Apr-2018 16:56:00.365 INFO [localhost-startStop-1] org.apache.catalina.startup.HostConfig.deployDirectory Deploying web application directory [C:\KonaKart\webapps\ROOT]
05-Apr-2018 16:56:00.428 INFO [localhost-startStop-1] org.apache.catalina.startup.HostConfig.deployDirectory Deployment of web application directory [C:\KonaKart\webapps\ROOT] has finished in [63] ms
05-Apr-2018 16:56:00.428 INFO [main] org.apache.coyote.AbstractProtocol.start Starting ProtocolHandler ["http-nio-8780"]
05-Apr-2018 16:56:00.443 INFO [main] org.apache.coyote.AbstractProtocol.start Starting ProtocolHandler ["https-jsse-nio-8783"]
05-Apr-2018 16:56:00.443 INFO [main] org.apache.coyote.AbstractProtocol.start Starting ProtocolHandler ["ajp-nio-8788"]
05-Apr-2018 16:56:00.459 INFO [main] org.apache.catalina.startup.Catalina.start Server startup in 25728 ms
05-Apr-2018 18:44:27.365 INFO [main] org.apache.catalina.core.StandardServer.await A valid shutdown command was received via the shutdown port. Stopping the Server instance.
05-Apr-2018 18:44:27.367 INFO [main] org.apache.coyote.AbstractProtocol.pause Pausing ProtocolHandler ["http-nio-8780"]
05-Apr-2018 18:44:27.470 INFO [main] org.apache.coyote.AbstractProtocol.pause Pausing ProtocolHandler ["https-jsse-nio-8783"]
05-Apr-2018 18:44:27.535 INFO [main] org.apache.coyote.AbstractProtocol.pause Pausing ProtocolHandler ["ajp-nio-8788"]
05-Apr-2018 18:44:27.645 INFO [main] org.apache.catalina.core.StandardService.stopInternal Stopping service [Catalina]
05-Apr-2018 18:44:27.729 WARNING [localhost-startStop-2] org.apache.catalina.loader.WebappClassLoaderBase.clearReferencesJdbc The web application [konakart] registered the JDBC driver [com.mysql.jdbc.Driver] but failed to unregister it when the web application was stopped. To prevent a memory leak, the JDBC Driver has been forcibly unregistered.
05-Apr-2018 18:44:27.729 WARNING [localhost-startStop-2] org.apache.catalina.loader.WebappClassLoaderBase.clearReferencesThreads The web application [konakart] appears to have started a thread named [Log4j2-TF-4-Scheduled-2] but has failed to stop it. This is very likely to create a memory leak. Stack trace of thread:
 sun.misc.Unsafe.park(Native Method)
 java.util.concurrent.locks.LockSupport.parkNanos(LockSupport.java:215)
 java.util.concurrent.locks.AbstractQueuedSynchronizer$ConditionObject.awaitNanos(AbstractQueuedSynchronizer.java:2078)
 java.util.concurrent.ScheduledThreadPoolExecutor$DelayedWorkQueue.take(ScheduledThreadPoolExecutor.java:1093)
 java.util.concurrent.ScheduledThreadPoolExecutor$DelayedWorkQueue.take(ScheduledThreadPoolExecutor.java:809)
 java.util.concurrent.ThreadPoolExecutor.getTask(ThreadPoolExecutor.java:1074)
 java.util.concurrent.ThreadPoolExecutor.runWorker(ThreadPoolExecutor.java:1134)
 java.util.concurrent.ThreadPoolExecutor$Worker.run(ThreadPoolExecutor.java:624)
 java.lang.Thread.run(Thread.java:748)
05-Apr-2018 18:44:27.745 WARNING [localhost-startStop-2] org.apache.catalina.loader.WebappClassLoaderBase.clearReferencesThreads The web application [konakart] appears to have started a thread named [Abandoned connection cleanup thread] but has failed to stop it. This is very likely to create a memory leak. Stack trace of thread:
 java.lang.Object.wait(Native Method)
 java.lang.ref.ReferenceQueue.remove(ReferenceQueue.java:143)
 com.mysql.jdbc.AbandonedConnectionCleanupThread.run(AbandonedConnectionCleanupThread.java:43)
05-Apr-2018 18:44:27.760 WARNING [localhost-startStop-2] org.apache.catalina.loader.WebappClassLoaderBase.clearReferencesJdbc The web application [konakartadmin] registered the JDBC driver [com.mysql.jdbc.Driver] but failed to unregister it when the web application was stopped. To prevent a memory leak, the JDBC Driver has been forcibly unregistered.
05-Apr-2018 18:44:27.760 WARNING [localhost-startStop-2] org.apache.catalina.loader.WebappClassLoaderBase.clearReferencesThreads The web application [konakartadmin] appears to have started a thread named [Log4j2-TF-4-Scheduled-2] but has failed to stop it. This is very likely to create a memory leak. Stack trace of thread:
 sun.misc.Unsafe.park(Native Method)
 java.util.concurrent.locks.LockSupport.parkNanos(LockSupport.java:215)
 java.util.concurrent.locks.AbstractQueuedSynchronizer$ConditionObject.awaitNanos(AbstractQueuedSynchronizer.java:2078)
 java.util.concurrent.ScheduledThreadPoolExecutor$DelayedWorkQueue.take(ScheduledThreadPoolExecutor.java:1093)
 java.util.concurrent.ScheduledThreadPoolExecutor$DelayedWorkQueue.take(ScheduledThreadPoolExecutor.java:809)
 java.util.concurrent.ThreadPoolExecutor.getTask(ThreadPoolExecutor.java:1074)
 java.util.concurrent.ThreadPoolExecutor.runWorker(ThreadPoolExecutor.java:1134)
 java.util.concurrent.ThreadPoolExecutor$Worker.run(ThreadPoolExecutor.java:624)
 java.lang.Thread.run(Thread.java:748)
05-Apr-2018 18:44:27.760 WARNING [localhost-startStop-2] org.apache.catalina.loader.WebappClassLoaderBase.clearReferencesThreads The web application [konakartadmin] appears to have started a thread named [Abandoned connection cleanup thread] but has failed to stop it. This is very likely to create a memory leak. Stack trace of thread:
 java.lang.Object.wait(Native Method)
 java.lang.ref.ReferenceQueue.remove(ReferenceQueue.java:143)
 com.mysql.jdbc.AbandonedConnectionCleanupThread.run(AbandonedConnectionCleanupThread.java:43)
05-Apr-2018 18:44:27.760 WARNING [localhost-startStop-2] org.apache.catalina.loader.WebappClassLoaderBase.clearReferencesThreads The web application [konakartadmin] appears to have started a thread named [Thread-8] but has failed to stop it. This is very likely to create a memory leak. Stack trace of thread:
 java.lang.Thread.sleep(Native Method)
 com.konakartadmin.bl.AdminConfigCacheUpdater.run(AdminConfigCacheUpdater.java:236)
05-Apr-2018 18:44:27.792 INFO [main] org.apache.coyote.AbstractProtocol.stop Stopping ProtocolHandler ["http-nio-8780"]
05-Apr-2018 18:44:27.810 INFO [main] org.apache.coyote.AbstractProtocol.stop Stopping ProtocolHandler ["https-jsse-nio-8783"]
05-Apr-2018 18:44:27.842 INFO [main] org.apache.coyote.AbstractProtocol.stop Stopping ProtocolHandler ["ajp-nio-8788"]
05-Apr-2018 18:44:27.857 INFO [main] org.apache.coyote.AbstractProtocol.destroy Destroying ProtocolHandler ["http-nio-8780"]
05-Apr-2018 18:44:27.857 INFO [main] org.apache.coyote.AbstractProtocol.destroy Destroying ProtocolHandler ["https-jsse-nio-8783"]
05-Apr-2018 18:44:27.857 INFO [main] org.apache.coyote.AbstractProtocol.destroy Destroying ProtocolHandler ["ajp-nio-8788"]
05-Apr-2018 18:44:34.654 WARNING [main] org.apache.tomcat.util.net.SSLHostConfig.setProtocols The protocol [TLSv1.1] was added to the list of protocols on the SSLHostConfig named [_default_]. Check if a +/- prefix is missing.
05-Apr-2018 18:44:34.687 WARNING [main] org.apache.tomcat.util.net.SSLHostConfig.setProtocols The protocol [TLSv1.2] was added to the list of protocols on the SSLHostConfig named [_default_]. Check if a +/- prefix is missing.
05-Apr-2018 18:44:34.719 INFO [main] org.apache.catalina.startup.VersionLoggerListener.log Server version:        Apache Tomcat/8.5.20
05-Apr-2018 18:44:34.735 INFO [main] org.apache.catalina.startup.VersionLoggerListener.log Server built:          Aug 2 2017 21:35:49 UTC
05-Apr-2018 18:44:34.735 INFO [main] org.apache.catalina.startup.VersionLoggerListener.log Server number:         8.5.20.0
05-Apr-2018 18:44:34.735 INFO [main] org.apache.catalina.startup.VersionLoggerListener.log OS Name:               Windows 7
05-Apr-2018 18:44:34.735 INFO [main] org.apache.catalina.startup.VersionLoggerListener.log OS Version:            6.1
05-Apr-2018 18:44:34.735 INFO [main] org.apache.catalina.startup.VersionLoggerListener.log Architecture:          amd64
05-Apr-2018 18:44:34.735 INFO [main] org.apache.catalina.startup.VersionLoggerListener.log Java Home:             C:\Program Files\Java\jdk1.8.0_161\jre
05-Apr-2018 18:44:34.735 INFO [main] org.apache.catalina.startup.VersionLoggerListener.log JVM Version:           1.8.0_161-b12
05-Apr-2018 18:44:34.735 INFO [main] org.apache.catalina.startup.VersionLoggerListener.log JVM Vendor:            Oracle Corporation
05-Apr-2018 18:44:34.735 INFO [main] org.apache.catalina.startup.VersionLoggerListener.log CATALINA_BASE:         C:\KonaKart
05-Apr-2018 18:44:34.735 INFO [main] org.apache.catalina.startup.VersionLoggerListener.log CATALINA_HOME:         C:\KonaKart
05-Apr-2018 18:44:34.735 INFO [main] org.apache.catalina.startup.VersionLoggerListener.log Command line argument: -Djava.util.logging.config.file=C:\KonaKart\bin\/..\conf\logging.properties
05-Apr-2018 18:44:34.735 INFO [main] org.apache.catalina.startup.VersionLoggerListener.log Command line argument: -Djava.util.logging.manager=org.apache.juli.ClassLoaderLogManager
05-Apr-2018 18:44:34.735 INFO [main] org.apache.catalina.startup.VersionLoggerListener.log Command line argument: -Djdk.tls.ephemeralDHKeySize=2048
05-Apr-2018 18:44:34.735 INFO [main] org.apache.catalina.startup.VersionLoggerListener.log Command line argument: -Djava.protocol.handler.pkgs=org.apache.catalina.webresources
05-Apr-2018 18:44:34.751 INFO [main] org.apache.catalina.startup.VersionLoggerListener.log Command line argument: -XX:PermSize=256m
05-Apr-2018 18:44:34.751 INFO [main] org.apache.catalina.startup.VersionLoggerListener.log Command line argument: -XX:MaxPermSize=256m
05-Apr-2018 18:44:34.751 INFO [main] org.apache.catalina.startup.VersionLoggerListener.log Command line argument: -Xmx1400m
05-Apr-2018 18:44:34.766 INFO [main] org.apache.catalina.startup.VersionLoggerListener.log Command line argument: -Dsolr.solr.home=C:\KonaKart\bin\/../solr
05-Apr-2018 18:44:34.766 INFO [main] org.apache.catalina.startup.VersionLoggerListener.log Command line argument: -Djava.awt.headless=true
05-Apr-2018 18:44:34.766 INFO [main] org.apache.catalina.startup.VersionLoggerListener.log Command line argument: -Dactivemq.store.dir=C:\KonaKart\bin\/../mq
05-Apr-2018 18:44:34.766 INFO [main] org.apache.catalina.startup.VersionLoggerListener.log Command line argument: -Dlog4j.debug=true
05-Apr-2018 18:44:34.766 INFO [main] org.apache.catalina.startup.VersionLoggerListener.log Command line argument: -Dkk.log4j.debug=true
05-Apr-2018 18:44:34.766 INFO [main] org.apache.catalina.startup.VersionLoggerListener.log Command line argument: -Dcatalina.base=C:\KonaKart\bin\/..
05-Apr-2018 18:44:34.766 INFO [main] org.apache.catalina.startup.VersionLoggerListener.log Command line argument: -Dcatalina.home=C:\KonaKart\bin\/..
05-Apr-2018 18:44:34.766 INFO [main] org.apache.catalina.startup.VersionLoggerListener.log Command line argument: -Djava.io.tmpdir=C:\KonaKart\bin\/..\temp
05-Apr-2018 18:44:34.766 INFO [main] org.apache.catalina.core.AprLifecycleListener.lifecycleEvent The APR based Apache Tomcat Native library which allows optimal performance in production environments was not found on the java.library.path: [C:\Program Files\Java\jdk1.8.0_161\bin;C:\Windows\Sun\Java\bin;C:\Windows\system32;C:\Windows;C:\ProgramData\Oracle\Java\javapath;C:\Windows\system32;C:\Windows;C:\Windows\System32\Wbem;C:\Windows\System32\WindowsPowerShell\v1.0\;C:\Program Files\Java\jdk1.8.0_161\bin;.]
05-Apr-2018 18:44:34.926 INFO [main] org.apache.coyote.AbstractProtocol.init Initializing ProtocolHandler ["http-nio-8780"]
05-Apr-2018 18:44:35.082 INFO [main] org.apache.tomcat.util.net.NioSelectorPool.getSharedSelector Using a shared selector for servlet write/read
05-Apr-2018 18:44:35.082 INFO [main] org.apache.coyote.AbstractProtocol.init Initializing ProtocolHandler ["https-jsse-nio-8783"]
05-Apr-2018 18:44:35.376 INFO [main] org.apache.tomcat.util.net.NioSelectorPool.getSharedSelector Using a shared selector for servlet write/read
05-Apr-2018 18:44:35.376 INFO [main] org.apache.coyote.AbstractProtocol.init Initializing ProtocolHandler ["ajp-nio-8788"]
05-Apr-2018 18:44:35.376 INFO [main] org.apache.tomcat.util.net.NioSelectorPool.getSharedSelector Using a shared selector for servlet write/read
05-Apr-2018 18:44:35.376 INFO [main] org.apache.catalina.startup.Catalina.load Initialization processed in 1479 ms
05-Apr-2018 18:44:35.423 INFO [main] org.apache.catalina.core.StandardService.startInternal Starting service [Catalina]
05-Apr-2018 18:44:35.423 INFO [main] org.apache.catalina.core.StandardEngine.startInternal Starting Servlet Engine: Apache Tomcat/8.5.20
05-Apr-2018 18:44:35.438 INFO [localhost-startStop-1] org.apache.catalina.startup.HostConfig.deployDirectory Deploying web application directory [C:\KonaKart\webapps\birtviewer]
05-Apr-2018 18:44:36.526 INFO [localhost-startStop-1] org.apache.jasper.servlet.TldScanner.scanJars At least one JAR was scanned for TLDs yet contained no TLDs. Enable debug logging for this logger for a complete list of JARs that were scanned but no TLDs were found in them. Skipping unneeded JARs during scanning can improve startup time and JSP compilation time.
05-Apr-2018 18:44:39.311 INFO [localhost-startStop-1] org.apache.catalina.startup.HostConfig.deployDirectory Deployment of web application directory [C:\KonaKart\webapps\birtviewer] has finished in [3,873] ms
05-Apr-2018 18:44:39.311 INFO [localhost-startStop-1] org.apache.catalina.startup.HostConfig.deployDirectory Deploying web application directory [C:\KonaKart\webapps\javadoc]
05-Apr-2018 18:44:39.327 INFO [localhost-startStop-1] org.apache.catalina.startup.HostConfig.deployDirectory Deployment of web application directory [C:\KonaKart\webapps\javadoc] has finished in [16] ms
05-Apr-2018 18:44:39.343 INFO [localhost-startStop-1] org.apache.catalina.startup.HostConfig.deployDirectory Deploying web application directory [C:\KonaKart\webapps\konakart]
05-Apr-2018 18:44:40.182 INFO [localhost-startStop-1] org.apache.jasper.servlet.TldScanner.scanJars At least one JAR was scanned for TLDs yet contained no TLDs. Enable debug logging for this logger for a complete list of JARs that were scanned but no TLDs were found in them. Skipping unneeded JARs during scanning can improve startup time and JSP compilation time.
05-Apr-2018 18:44:44.801 INFO [localhost-startStop-1] org.apache.catalina.startup.HostConfig.deployDirectory Deployment of web application directory [C:\KonaKart\webapps\konakart] has finished in [5,458] ms
05-Apr-2018 18:44:44.801 INFO [localhost-startStop-1] org.apache.catalina.startup.HostConfig.deployDirectory Deploying web application directory [C:\KonaKart\webapps\konakartadmin]
05-Apr-2018 18:44:45.542 INFO [localhost-startStop-1] org.apache.jasper.servlet.TldScanner.scanJars At least one JAR was scanned for TLDs yet contained no TLDs. Enable debug logging for this logger for a complete list of JARs that were scanned but no TLDs were found in them. Skipping unneeded JARs during scanning can improve startup time and JSP compilation time.
05-Apr-2018 18:44:48.662 INFO [localhost-startStop-1] org.apache.catalina.startup.HostConfig.deployDirectory Deployment of web application directory [C:\KonaKart\webapps\konakartadmin] has finished in [3,861] ms
05-Apr-2018 18:44:48.662 INFO [localhost-startStop-1] org.apache.catalina.startup.HostConfig.deployDirectory Deploying web application directory [C:\KonaKart\webapps\ROOT]
05-Apr-2018 18:44:48.677 INFO [localhost-startStop-1] org.apache.catalina.startup.HostConfig.deployDirectory Deployment of web application directory [C:\KonaKart\webapps\ROOT] has finished in [15] ms
05-Apr-2018 18:44:48.677 INFO [main] org.apache.coyote.AbstractProtocol.start Starting ProtocolHandler ["http-nio-8780"]
05-Apr-2018 18:44:48.709 INFO [main] org.apache.coyote.AbstractProtocol.start Starting ProtocolHandler ["https-jsse-nio-8783"]
05-Apr-2018 18:44:48.709 INFO [main] org.apache.coyote.AbstractProtocol.start Starting ProtocolHandler ["ajp-nio-8788"]
05-Apr-2018 18:44:48.709 INFO [main] org.apache.catalina.startup.Catalina.start Server startup in 13347 ms
05-Apr-2018 18:47:13.255 INFO [main] org.apache.catalina.core.StandardServer.await A valid shutdown command was received via the shutdown port. Stopping the Server instance.
05-Apr-2018 18:47:13.255 INFO [main] org.apache.coyote.AbstractProtocol.pause Pausing ProtocolHandler ["http-nio-8780"]
05-Apr-2018 18:47:13.327 INFO [main] org.apache.coyote.AbstractProtocol.pause Pausing ProtocolHandler ["https-jsse-nio-8783"]
05-Apr-2018 18:47:13.385 INFO [main] org.apache.coyote.AbstractProtocol.pause Pausing ProtocolHandler ["ajp-nio-8788"]
05-Apr-2018 18:47:13.448 INFO [main] org.apache.catalina.core.StandardService.stopInternal Stopping service [Catalina]
05-Apr-2018 18:47:13.540 WARNING [localhost-startStop-2] org.apache.catalina.loader.WebappClassLoaderBase.clearReferencesJdbc The web application [konakart] registered the JDBC driver [com.mysql.jdbc.Driver] but failed to unregister it when the web application was stopped. To prevent a memory leak, the JDBC Driver has been forcibly unregistered.
05-Apr-2018 18:47:13.543 WARNING [localhost-startStop-2] org.apache.catalina.loader.WebappClassLoaderBase.clearReferencesThreads The web application [konakart] appears to have started a thread named [Log4j2-TF-4-Scheduled-2] but has failed to stop it. This is very likely to create a memory leak. Stack trace of thread:
 sun.misc.Unsafe.park(Native Method)
 java.util.concurrent.locks.LockSupport.parkNanos(LockSupport.java:215)
 java.util.concurrent.locks.AbstractQueuedSynchronizer$ConditionObject.awaitNanos(AbstractQueuedSynchronizer.java:2078)
 java.util.concurrent.ScheduledThreadPoolExecutor$DelayedWorkQueue.take(ScheduledThreadPoolExecutor.java:1093)
 java.util.concurrent.ScheduledThreadPoolExecutor$DelayedWorkQueue.take(ScheduledThreadPoolExecutor.java:809)
 java.util.concurrent.ThreadPoolExecutor.getTask(ThreadPoolExecutor.java:1074)
 java.util.concurrent.ThreadPoolExecutor.runWorker(ThreadPoolExecutor.java:1134)
 java.util.concurrent.ThreadPoolExecutor$Worker.run(ThreadPoolExecutor.java:624)
 java.lang.Thread.run(Thread.java:748)
05-Apr-2018 18:47:13.549 WARNING [localhost-startStop-2] org.apache.catalina.loader.WebappClassLoaderBase.clearReferencesThreads The web application [konakart] appears to have started a thread named [Abandoned connection cleanup thread] but has failed to stop it. This is very likely to create a memory leak. Stack trace of thread:
 java.lang.Object.wait(Native Method)
 java.lang.ref.ReferenceQueue.remove(ReferenceQueue.java:143)
 com.mysql.jdbc.AbandonedConnectionCleanupThread.run(AbandonedConnectionCleanupThread.java:43)
05-Apr-2018 18:47:13.579 WARNING [localhost-startStop-2] org.apache.catalina.loader.WebappClassLoaderBase.clearReferencesJdbc The web application [konakartadmin] registered the JDBC driver [com.mysql.jdbc.Driver] but failed to unregister it when the web application was stopped. To prevent a memory leak, the JDBC Driver has been forcibly unregistered.
05-Apr-2018 18:47:13.583 WARNING [localhost-startStop-2] org.apache.catalina.loader.WebappClassLoaderBase.clearReferencesThreads The web application [konakartadmin] appears to have started a thread named [Log4j2-TF-4-Scheduled-2] but has failed to stop it. This is very likely to create a memory leak. Stack trace of thread:
 sun.misc.Unsafe.park(Native Method)
 java.util.concurrent.locks.LockSupport.parkNanos(LockSupport.java:215)
 java.util.concurrent.locks.AbstractQueuedSynchronizer$ConditionObject.awaitNanos(AbstractQueuedSynchronizer.java:2078)
 java.util.concurrent.ScheduledThreadPoolExecutor$DelayedWorkQueue.take(ScheduledThreadPoolExecutor.java:1093)
 java.util.concurrent.ScheduledThreadPoolExecutor$DelayedWorkQueue.take(ScheduledThreadPoolExecutor.java:809)
 java.util.concurrent.ThreadPoolExecutor.getTask(ThreadPoolExecutor.java:1074)
 java.util.concurrent.ThreadPoolExecutor.runWorker(ThreadPoolExecutor.java:1134)
 java.util.concurrent.ThreadPoolExecutor$Worker.run(ThreadPoolExecutor.java:624)
 java.lang.Thread.run(Thread.java:748)
05-Apr-2018 18:47:13.593 WARNING [localhost-startStop-2] org.apache.catalina.loader.WebappClassLoaderBase.clearReferencesThreads The web application [konakartadmin] appears to have started a thread named [Abandoned connection cleanup thread] but has failed to stop it. This is very likely to create a memory leak. Stack trace of thread:
 java.lang.Object.wait(Native Method)
 java.lang.ref.ReferenceQueue.remove(ReferenceQueue.java:143)
 com.mysql.jdbc.AbandonedConnectionCleanupThread.run(AbandonedConnectionCleanupThread.java:43)
05-Apr-2018 18:47:13.596 WARNING [localhost-startStop-2] org.apache.catalina.loader.WebappClassLoaderBase.clearReferencesThreads The web application [konakartadmin] appears to have started a thread named [Thread-8] but has failed to stop it. This is very likely to create a memory leak. Stack trace of thread:
 java.lang.Thread.sleep(Native Method)
 com.konakartadmin.bl.AdminConfigCacheUpdater.run(AdminConfigCacheUpdater.java:236)
05-Apr-2018 18:47:13.622 INFO [main] org.apache.coyote.AbstractProtocol.stop Stopping ProtocolHandler ["http-nio-8780"]
05-Apr-2018 18:47:13.626 INFO [main] org.apache.coyote.AbstractProtocol.stop Stopping ProtocolHandler ["https-jsse-nio-8783"]
05-Apr-2018 18:47:13.633 INFO [main] org.apache.coyote.AbstractProtocol.stop Stopping ProtocolHandler ["ajp-nio-8788"]
05-Apr-2018 18:47:13.637 INFO [main] org.apache.coyote.AbstractProtocol.destroy Destroying ProtocolHandler ["http-nio-8780"]
05-Apr-2018 18:47:13.640 INFO [main] org.apache.coyote.AbstractProtocol.destroy Destroying ProtocolHandler ["https-jsse-nio-8783"]
05-Apr-2018 18:47:13.642 INFO [main] org.apache.coyote.AbstractProtocol.destroy Destroying ProtocolHandler ["ajp-nio-8788"]
05-Apr-2018 18:47:21.243 WARNING [main] org.apache.tomcat.util.net.SSLHostConfig.setProtocols The protocol [TLSv1.1] was added to the list of protocols on the SSLHostConfig named [_default_]. Check if a +/- prefix is missing.
05-Apr-2018 18:47:21.259 WARNING [main] org.apache.tomcat.util.net.SSLHostConfig.setProtocols The protocol [TLSv1.2] was added to the list of protocols on the SSLHostConfig named [_default_]. Check if a +/- prefix is missing.
05-Apr-2018 18:47:21.305 INFO [main] org.apache.catalina.startup.VersionLoggerListener.log Server version:        Apache Tomcat/8.5.20
05-Apr-2018 18:47:21.305 INFO [main] org.apache.catalina.startup.VersionLoggerListener.log Server built:          Aug 2 2017 21:35:49 UTC
05-Apr-2018 18:47:21.305 INFO [main] org.apache.catalina.startup.VersionLoggerListener.log Server number:         8.5.20.0
05-Apr-2018 18:47:21.305 INFO [main] org.apache.catalina.startup.VersionLoggerListener.log OS Name:               Windows 7
05-Apr-2018 18:47:21.305 INFO [main] org.apache.catalina.startup.VersionLoggerListener.log OS Version:            6.1
05-Apr-2018 18:47:21.305 INFO [main] org.apache.catalina.startup.VersionLoggerListener.log Architecture:          amd64
05-Apr-2018 18:47:21.305 INFO [main] org.apache.catalina.startup.VersionLoggerListener.log Java Home:             C:\Program Files\Java\jdk1.8.0_161\jre
05-Apr-2018 18:47:21.305 INFO [main] org.apache.catalina.startup.VersionLoggerListener.log JVM Version:           1.8.0_161-b12
05-Apr-2018 18:47:21.305 INFO [main] org.apache.catalina.startup.VersionLoggerListener.log JVM Vendor:            Oracle Corporation
05-Apr-2018 18:47:21.305 INFO [main] org.apache.catalina.startup.VersionLoggerListener.log CATALINA_BASE:         C:\KonaKart
05-Apr-2018 18:47:21.321 INFO [main] org.apache.catalina.startup.VersionLoggerListener.log CATALINA_HOME:         C:\KonaKart
05-Apr-2018 18:47:21.321 INFO [main] org.apache.catalina.startup.VersionLoggerListener.log Command line argument: -Djava.util.logging.config.file=C:\KonaKart\bin\/..\conf\logging.properties
05-Apr-2018 18:47:21.321 INFO [main] org.apache.catalina.startup.VersionLoggerListener.log Command line argument: -Djava.util.logging.manager=org.apache.juli.ClassLoaderLogManager
05-Apr-2018 18:47:21.321 INFO [main] org.apache.catalina.startup.VersionLoggerListener.log Command line argument: -Djdk.tls.ephemeralDHKeySize=2048
05-Apr-2018 18:47:21.321 INFO [main] org.apache.catalina.startup.VersionLoggerListener.log Command line argument: -Djava.protocol.handler.pkgs=org.apache.catalina.webresources
05-Apr-2018 18:47:21.321 INFO [main] org.apache.catalina.startup.VersionLoggerListener.log Command line argument: -XX:PermSize=256m
05-Apr-2018 18:47:21.321 INFO [main] org.apache.catalina.startup.VersionLoggerListener.log Command line argument: -XX:MaxPermSize=256m
05-Apr-2018 18:47:21.321 INFO [main] org.apache.catalina.startup.VersionLoggerListener.log Command line argument: -Xmx1400m
05-Apr-2018 18:47:21.321 INFO [main] org.apache.catalina.startup.VersionLoggerListener.log Command line argument: -Dsolr.solr.home=C:\KonaKart\bin\/../solr
05-Apr-2018 18:47:21.337 INFO [main] org.apache.catalina.startup.VersionLoggerListener.log Command line argument: -Djava.awt.headless=true
05-Apr-2018 18:47:21.338 INFO [main] org.apache.catalina.startup.VersionLoggerListener.log Command line argument: -Dactivemq.store.dir=C:\KonaKart\bin\/../mq
05-Apr-2018 18:47:21.338 INFO [main] org.apache.catalina.startup.VersionLoggerListener.log Command line argument: -Dlog4j.debug=true
05-Apr-2018 18:47:21.338 INFO [main] org.apache.catalina.startup.VersionLoggerListener.log Command line argument: -Dkk.log4j.debug=true
05-Apr-2018 18:47:21.338 INFO [main] org.apache.catalina.startup.VersionLoggerListener.log Command line argument: -Dcatalina.base=C:\KonaKart\bin\/..
05-Apr-2018 18:47:21.338 INFO [main] org.apache.catalina.startup.VersionLoggerListener.log Command line argument: -Dcatalina.home=C:\KonaKart\bin\/..
05-Apr-2018 18:47:21.338 INFO [main] org.apache.catalina.startup.VersionLoggerListener.log Command line argument: -Djava.io.tmpdir=C:\KonaKart\bin\/..\temp
05-Apr-2018 18:47:21.338 INFO [main] org.apache.catalina.core.AprLifecycleListener.lifecycleEvent The APR based Apache Tomcat Native library which allows optimal performance in production environments was not found on the java.library.path: [C:\Program Files\Java\jdk1.8.0_161\bin;C:\Windows\Sun\Java\bin;C:\Windows\system32;C:\Windows;C:\ProgramData\Oracle\Java\javapath;C:\Windows\system32;C:\Windows;C:\Windows\System32\Wbem;C:\Windows\System32\WindowsPowerShell\v1.0\;C:\Program Files\Java\jdk1.8.0_161\bin;.]
05-Apr-2018 18:47:21.525 INFO [main] org.apache.coyote.AbstractProtocol.init Initializing ProtocolHandler ["http-nio-8780"]
05-Apr-2018 18:47:21.666 INFO [main] org.apache.tomcat.util.net.NioSelectorPool.getSharedSelector Using a shared selector for servlet write/read
05-Apr-2018 18:47:21.666 INFO [main] org.apache.coyote.AbstractProtocol.init Initializing ProtocolHandler ["https-jsse-nio-8783"]
05-Apr-2018 18:47:21.936 INFO [main] org.apache.tomcat.util.net.NioSelectorPool.getSharedSelector Using a shared selector for servlet write/read
05-Apr-2018 18:47:21.936 INFO [main] org.apache.coyote.AbstractProtocol.init Initializing ProtocolHandler ["ajp-nio-8788"]
05-Apr-2018 18:47:21.936 INFO [main] org.apache.tomcat.util.net.NioSelectorPool.getSharedSelector Using a shared selector for servlet write/read
05-Apr-2018 18:47:21.936 INFO [main] org.apache.catalina.startup.Catalina.load Initialization processed in 1293 ms
05-Apr-2018 18:47:21.983 INFO [main] org.apache.catalina.core.StandardService.startInternal Starting service [Catalina]
05-Apr-2018 18:47:21.983 INFO [main] org.apache.catalina.core.StandardEngine.startInternal Starting Servlet Engine: Apache Tomcat/8.5.20
05-Apr-2018 18:47:21.999 INFO [localhost-startStop-1] org.apache.catalina.startup.HostConfig.deployDirectory Deploying web application directory [C:\KonaKart\webapps\birtviewer]
05-Apr-2018 18:47:23.046 INFO [localhost-startStop-1] org.apache.jasper.servlet.TldScanner.scanJars At least one JAR was scanned for TLDs yet contained no TLDs. Enable debug logging for this logger for a complete list of JARs that were scanned but no TLDs were found in them. Skipping unneeded JARs during scanning can improve startup time and JSP compilation time.
05-Apr-2018 18:47:25.621 INFO [localhost-startStop-1] org.apache.catalina.startup.HostConfig.deployDirectory Deployment of web application directory [C:\KonaKart\webapps\birtviewer] has finished in [3,622] ms
05-Apr-2018 18:47:25.621 INFO [localhost-startStop-1] org.apache.catalina.startup.HostConfig.deployDirectory Deploying web application directory [C:\KonaKart\webapps\javadoc]
05-Apr-2018 18:47:25.655 INFO [localhost-startStop-1] org.apache.catalina.startup.HostConfig.deployDirectory Deployment of web application directory [C:\KonaKart\webapps\javadoc] has finished in [18] ms
05-Apr-2018 18:47:25.655 INFO [localhost-startStop-1] org.apache.catalina.startup.HostConfig.deployDirectory Deploying web application directory [C:\KonaKart\webapps\konakart]
05-Apr-2018 18:47:26.322 INFO [localhost-startStop-1] org.apache.jasper.servlet.TldScanner.scanJars At least one JAR was scanned for TLDs yet contained no TLDs. Enable debug logging for this logger for a complete list of JARs that were scanned but no TLDs were found in them. Skipping unneeded JARs during scanning can improve startup time and JSP compilation time.
05-Apr-2018 18:47:31.174 INFO [localhost-startStop-1] org.apache.catalina.startup.HostConfig.deployDirectory Deployment of web application directory [C:\KonaKart\webapps\konakart] has finished in [5,519] ms
05-Apr-2018 18:47:31.174 INFO [localhost-startStop-1] org.apache.catalina.startup.HostConfig.deployDirectory Deploying web application directory [C:\KonaKart\webapps\konakartadmin]
05-Apr-2018 18:47:31.928 INFO [localhost-startStop-1] org.apache.jasper.servlet.TldScanner.scanJars At least one JAR was scanned for TLDs yet contained no TLDs. Enable debug logging for this logger for a complete list of JARs that were scanned but no TLDs were found in them. Skipping unneeded JARs during scanning can improve startup time and JSP compilation time.
05-Apr-2018 18:47:35.059 INFO [localhost-startStop-1] org.apache.catalina.startup.HostConfig.deployDirectory Deployment of web application directory [C:\KonaKart\webapps\konakartadmin] has finished in [3,885] ms
05-Apr-2018 18:47:35.059 INFO [localhost-startStop-1] org.apache.catalina.startup.HostConfig.deployDirectory Deploying web application directory [C:\KonaKart\webapps\ROOT]
05-Apr-2018 18:47:35.075 INFO [localhost-startStop-1] org.apache.catalina.startup.HostConfig.deployDirectory Deployment of web application directory [C:\KonaKart\webapps\ROOT] has finished in [16] ms
05-Apr-2018 18:47:35.075 INFO [main] org.apache.coyote.AbstractProtocol.start Starting ProtocolHandler ["http-nio-8780"]
05-Apr-2018 18:47:35.091 INFO [main] org.apache.coyote.AbstractProtocol.start Starting ProtocolHandler ["https-jsse-nio-8783"]
05-Apr-2018 18:47:35.091 INFO [main] org.apache.coyote.AbstractProtocol.start Starting ProtocolHandler ["ajp-nio-8788"]
05-Apr-2018 18:47:35.106 INFO [main] org.apache.catalina.startup.Catalina.start Server startup in 13140 ms
05-Apr-2018 19:06:49.738 WARNING [main] org.apache.tomcat.util.net.SSLHostConfig.setProtocols The protocol [TLSv1.1] was added to the list of protocols on the SSLHostConfig named [_default_]. Check if a +/- prefix is missing.
05-Apr-2018 19:06:49.799 WARNING [main] org.apache.tomcat.util.net.SSLHostConfig.setProtocols The protocol [TLSv1.2] was added to the list of protocols on the SSLHostConfig named [_default_]. Check if a +/- prefix is missing.
05-Apr-2018 19:06:49.863 INFO [main] org.apache.catalina.startup.VersionLoggerListener.log Server version:        Apache Tomcat/8.5.20
05-Apr-2018 19:06:49.865 INFO [main] org.apache.catalina.startup.VersionLoggerListener.log Server built:          Aug 2 2017 21:35:49 UTC
05-Apr-2018 19:06:49.866 INFO [main] org.apache.catalina.startup.VersionLoggerListener.log Server number:         8.5.20.0
05-Apr-2018 19:06:49.868 INFO [main] org.apache.catalina.startup.VersionLoggerListener.log OS Name:               Windows 7
05-Apr-2018 19:06:49.869 INFO [main] org.apache.catalina.startup.VersionLoggerListener.log OS Version:            6.1
05-Apr-2018 19:06:49.870 INFO [main] org.apache.catalina.startup.VersionLoggerListener.log Architecture:          amd64
05-Apr-2018 19:06:49.871 INFO [main] org.apache.catalina.startup.VersionLoggerListener.log Java Home:             C:\Program Files\Java\jdk1.8.0_161\jre
05-Apr-2018 19:06:49.873 INFO [main] org.apache.catalina.startup.VersionLoggerListener.log JVM Version:           1.8.0_161-b12
05-Apr-2018 19:06:49.874 INFO [main] org.apache.catalina.startup.VersionLoggerListener.log JVM Vendor:            Oracle Corporation
05-Apr-2018 19:06:49.875 INFO [main] org.apache.catalina.startup.VersionLoggerListener.log CATALINA_BASE:         C:\KonaKart
05-Apr-2018 19:06:49.877 INFO [main] org.apache.catalina.startup.VersionLoggerListener.log CATALINA_HOME:         C:\KonaKart
05-Apr-2018 19:06:49.879 INFO [main] org.apache.catalina.startup.VersionLoggerListener.log Command line argument: -Djava.util.logging.config.file=C:\KonaKart\bin\/..\conf\logging.properties
05-Apr-2018 19:06:49.881 INFO [main] org.apache.catalina.startup.VersionLoggerListener.log Command line argument: -Djava.util.logging.manager=org.apache.juli.ClassLoaderLogManager
05-Apr-2018 19:06:49.884 INFO [main] org.apache.catalina.startup.VersionLoggerListener.log Command line argument: -Djdk.tls.ephemeralDHKeySize=2048
05-Apr-2018 19:06:49.886 INFO [main] org.apache.catalina.startup.VersionLoggerListener.log Command line argument: -Djava.protocol.handler.pkgs=org.apache.catalina.webresources
05-Apr-2018 19:06:49.890 INFO [main] org.apache.catalina.startup.VersionLoggerListener.log Command line argument: -XX:PermSize=256m
05-Apr-2018 19:06:49.892 INFO [main] org.apache.catalina.startup.VersionLoggerListener.log Command line argument: -XX:MaxPermSize=256m
05-Apr-2018 19:06:49.893 INFO [main] org.apache.catalina.startup.VersionLoggerListener.log Command line argument: -Xmx1400m
05-Apr-2018 19:06:49.896 INFO [main] org.apache.catalina.startup.VersionLoggerListener.log Command line argument: -Dsolr.solr.home=C:\KonaKart\bin\/../solr
05-Apr-2018 19:06:49.897 INFO [main] org.apache.catalina.startup.VersionLoggerListener.log Command line argument: -Djava.awt.headless=true
05-Apr-2018 19:06:49.898 INFO [main] org.apache.catalina.startup.VersionLoggerListener.log Command line argument: -Dactivemq.store.dir=C:\KonaKart\bin\/../mq
05-Apr-2018 19:06:49.899 INFO [main] org.apache.catalina.startup.VersionLoggerListener.log Command line argument: -Dlog4j.debug=true
05-Apr-2018 19:06:49.900 INFO [main] org.apache.catalina.startup.VersionLoggerListener.log Command line argument: -Dkk.log4j.debug=true
05-Apr-2018 19:06:49.901 INFO [main] org.apache.catalina.startup.VersionLoggerListener.log Command line argument: -Dcatalina.base=C:\KonaKart\bin\/..
05-Apr-2018 19:06:49.902 INFO [main] org.apache.catalina.startup.VersionLoggerListener.log Command line argument: -Dcatalina.home=C:\KonaKart\bin\/..
05-Apr-2018 19:06:49.904 INFO [main] org.apache.catalina.startup.VersionLoggerListener.log Command line argument: -Djava.io.tmpdir=C:\KonaKart\bin\/..\temp
05-Apr-2018 19:06:49.905 INFO [main] org.apache.catalina.core.AprLifecycleListener.lifecycleEvent The APR based Apache Tomcat Native library which allows optimal performance in production environments was not found on the java.library.path: [C:\Program Files\Java\jdk1.8.0_161\bin;C:\Windows\Sun\Java\bin;C:\Windows\system32;C:\Windows;C:/Users/konakart/AppData/Local/Temp/ijtmp_DDED498B-4878-4AC7-808F-81F67AEB5049/bin;C:\ProgramData\Oracle\Java\javapath;C:\Windows\system32;C:\Windows;C:\Windows\System32\Wbem;C:\Windows\System32\WindowsPowerShell\v1.0\;C:\Program Files\Java\jdk1.8.0_161\bin;.]
05-Apr-2018 19:06:50.121 INFO [main] org.apache.coyote.AbstractProtocol.init Initializing ProtocolHandler ["http-nio-8780"]
05-Apr-2018 19:06:50.273 INFO [main] org.apache.tomcat.util.net.NioSelectorPool.getSharedSelector Using a shared selector for servlet write/read
05-Apr-2018 19:06:50.277 INFO [main] org.apache.coyote.AbstractProtocol.init Initializing ProtocolHandler ["https-jsse-nio-8783"]
05-Apr-2018 19:06:50.545 INFO [main] org.apache.tomcat.util.net.NioSelectorPool.getSharedSelector Using a shared selector for servlet write/read
05-Apr-2018 19:06:50.548 INFO [main] org.apache.coyote.AbstractProtocol.init Initializing ProtocolHandler ["ajp-nio-8788"]
05-Apr-2018 19:06:50.553 INFO [main] org.apache.tomcat.util.net.NioSelectorPool.getSharedSelector Using a shared selector for servlet write/read
05-Apr-2018 19:06:50.554 INFO [main] org.apache.catalina.startup.Catalina.load Initialization processed in 1448 ms
05-Apr-2018 19:06:50.590 INFO [main] org.apache.catalina.core.StandardService.startInternal Starting service [Catalina]
05-Apr-2018 19:06:50.591 INFO [main] org.apache.catalina.core.StandardEngine.startInternal Starting Servlet Engine: Apache Tomcat/8.5.20
05-Apr-2018 19:06:50.602 INFO [localhost-startStop-1] org.apache.catalina.startup.HostConfig.deployDirectory Deploying web application directory [C:\KonaKart\webapps\birtviewer]
05-Apr-2018 19:06:51.803 INFO [localhost-startStop-1] org.apache.jasper.servlet.TldScanner.scanJars At least one JAR was scanned for TLDs yet contained no TLDs. Enable debug logging for this logger for a complete list of JARs that were scanned but no TLDs were found in them. Skipping unneeded JARs during scanning can improve startup time and JSP compilation time.
05-Apr-2018 19:06:54.400 INFO [localhost-startStop-1] org.apache.catalina.startup.HostConfig.deployDirectory Deployment of web application directory [C:\KonaKart\webapps\birtviewer] has finished in [3,797] ms
05-Apr-2018 19:06:54.403 INFO [localhost-startStop-1] org.apache.catalina.startup.HostConfig.deployDirectory Deploying web application directory [C:\KonaKart\webapps\javadoc]
05-Apr-2018 19:06:54.445 INFO [localhost-startStop-1] org.apache.catalina.startup.HostConfig.deployDirectory Deployment of web application directory [C:\KonaKart\webapps\javadoc] has finished in [42] ms
05-Apr-2018 19:06:54.446 INFO [localhost-startStop-1] org.apache.catalina.startup.HostConfig.deployDirectory Deploying web application directory [C:\KonaKart\webapps\konakart]
05-Apr-2018 19:06:55.222 INFO [localhost-startStop-1] org.apache.jasper.servlet.TldScanner.scanJars At least one JAR was scanned for TLDs yet contained no TLDs. Enable debug logging for this logger for a complete list of JARs that were scanned but no TLDs were found in them. Skipping unneeded JARs during scanning can improve startup time and JSP compilation time.
05-Apr-2018 19:06:59.747 INFO [localhost-startStop-1] org.apache.catalina.startup.HostConfig.deployDirectory Deployment of web application directory [C:\KonaKart\webapps\konakart] has finished in [5,300] ms
05-Apr-2018 19:06:59.749 INFO [localhost-startStop-1] org.apache.catalina.startup.HostConfig.deployDirectory Deploying web application directory [C:\KonaKart\webapps\konakartadmin]
05-Apr-2018 19:07:02.512 INFO [localhost-startStop-1] org.apache.jasper.servlet.TldScanner.scanJars At least one JAR was scanned for TLDs yet contained no TLDs. Enable debug logging for this logger for a complete list of JARs that were scanned but no TLDs were found in them. Skipping unneeded JARs during scanning can improve startup time and JSP compilation time.
05-Apr-2018 19:07:06.410 INFO [localhost-startStop-1] org.apache.catalina.startup.HostConfig.deployDirectory Deployment of web application directory [C:\KonaKart\webapps\konakartadmin] has finished in [6,660] ms
05-Apr-2018 19:07:06.412 INFO [localhost-startStop-1] org.apache.catalina.startup.HostConfig.deployDirectory Deploying web application directory [C:\KonaKart\webapps\ROOT]
05-Apr-2018 19:07:06.444 INFO [localhost-startStop-1] org.apache.catalina.startup.HostConfig.deployDirectory Deployment of web application directory [C:\KonaKart\webapps\ROOT] has finished in [32] ms
05-Apr-2018 19:07:06.450 INFO [main] org.apache.coyote.AbstractProtocol.start Starting ProtocolHandler ["http-nio-8780"]
05-Apr-2018 19:07:06.487 INFO [main] org.apache.coyote.AbstractProtocol.start Starting ProtocolHandler ["https-jsse-nio-8783"]
05-Apr-2018 19:07:06.491 INFO [main] org.apache.coyote.AbstractProtocol.start Starting ProtocolHandler ["ajp-nio-8788"]
05-Apr-2018 19:07:06.495 INFO [main] org.apache.catalina.startup.Catalina.start Server startup in 15956 ms
05-Apr-2018 19:20:23.859 INFO [main] org.apache.catalina.core.StandardServer.await A valid shutdown command was received via the shutdown port. Stopping the Server instance.
05-Apr-2018 19:20:23.859 INFO [main] org.apache.coyote.AbstractProtocol.pause Pausing ProtocolHandler ["http-nio-8780"]
05-Apr-2018 19:20:23.927 INFO [main] org.apache.coyote.AbstractProtocol.pause Pausing ProtocolHandler ["https-jsse-nio-8783"]
05-Apr-2018 19:20:24.027 INFO [main] org.apache.coyote.AbstractProtocol.pause Pausing ProtocolHandler ["ajp-nio-8788"]
05-Apr-2018 19:20:24.137 INFO [main] org.apache.catalina.core.StandardService.stopInternal Stopping service [Catalina]
05-Apr-2018 19:20:24.282 WARNING [localhost-startStop-2] org.apache.catalina.loader.WebappClassLoaderBase.clearReferencesJdbc The web application [konakart] registered the JDBC driver [com.mysql.jdbc.Driver] but failed to unregister it when the web application was stopped. To prevent a memory leak, the JDBC Driver has been forcibly unregistered.
05-Apr-2018 19:20:24.298 WARNING [localhost-startStop-2] org.apache.catalina.loader.WebappClassLoaderBase.clearReferencesThreads The web application [konakart] appears to have started a thread named [Log4j2-TF-4-Scheduled-2] but has failed to stop it. This is very likely to create a memory leak. Stack trace of thread:
 sun.misc.Unsafe.park(Native Method)
 java.util.concurrent.locks.LockSupport.parkNanos(LockSupport.java:215)
 java.util.concurrent.locks.AbstractQueuedSynchronizer$ConditionObject.awaitNanos(AbstractQueuedSynchronizer.java:2078)
 java.util.concurrent.ScheduledThreadPoolExecutor$DelayedWorkQueue.take(ScheduledThreadPoolExecutor.java:1093)
 java.util.concurrent.ScheduledThreadPoolExecutor$DelayedWorkQueue.take(ScheduledThreadPoolExecutor.java:809)
 java.util.concurrent.ThreadPoolExecutor.getTask(ThreadPoolExecutor.java:1074)
 java.util.concurrent.ThreadPoolExecutor.runWorker(ThreadPoolExecutor.java:1134)
 java.util.concurrent.ThreadPoolExecutor$Worker.run(ThreadPoolExecutor.java:624)
 java.lang.Thread.run(Thread.java:748)
05-Apr-2018 19:20:24.298 WARNING [localhost-startStop-2] org.apache.catalina.loader.WebappClassLoaderBase.clearReferencesThreads The web application [konakart] appears to have started a thread named [Abandoned connection cleanup thread] but has failed to stop it. This is very likely to create a memory leak. Stack trace of thread:
 java.lang.Object.wait(Native Method)
 java.lang.ref.ReferenceQueue.remove(ReferenceQueue.java:143)
 com.mysql.jdbc.AbandonedConnectionCleanupThread.run(AbandonedConnectionCleanupThread.java:43)
05-Apr-2018 19:20:24.329 WARNING [localhost-startStop-2] org.apache.catalina.loader.WebappClassLoaderBase.clearReferencesJdbc The web application [konakartadmin] registered the JDBC driver [com.mysql.jdbc.Driver] but failed to unregister it when the web application was stopped. To prevent a memory leak, the JDBC Driver has been forcibly unregistered.
05-Apr-2018 19:20:24.329 WARNING [localhost-startStop-2] org.apache.catalina.loader.WebappClassLoaderBase.clearReferencesThreads The web application [konakartadmin] appears to have started a thread named [Log4j2-TF-4-Scheduled-2] but has failed to stop it. This is very likely to create a memory leak. Stack trace of thread:
 sun.misc.Unsafe.park(Native Method)
 java.util.concurrent.locks.LockSupport.parkNanos(LockSupport.java:215)
 java.util.concurrent.locks.AbstractQueuedSynchronizer$ConditionObject.awaitNanos(AbstractQueuedSynchronizer.java:2078)
 java.util.concurrent.ScheduledThreadPoolExecutor$DelayedWorkQueue.take(ScheduledThreadPoolExecutor.java:1093)
 java.util.concurrent.ScheduledThreadPoolExecutor$DelayedWorkQueue.take(ScheduledThreadPoolExecutor.java:809)
 java.util.concurrent.ThreadPoolExecutor.getTask(ThreadPoolExecutor.java:1074)
 java.util.concurrent.ThreadPoolExecutor.runWorker(ThreadPoolExecutor.java:1134)
 java.util.concurrent.ThreadPoolExecutor$Worker.run(ThreadPoolExecutor.java:624)
 java.lang.Thread.run(Thread.java:748)
05-Apr-2018 19:20:24.329 WARNING [localhost-startStop-2] org.apache.catalina.loader.WebappClassLoaderBase.clearReferencesThreads The web application [konakartadmin] appears to have started a thread named [Abandoned connection cleanup thread] but has failed to stop it. This is very likely to create a memory leak. Stack trace of thread:
 java.lang.Object.wait(Native Method)
 java.lang.ref.ReferenceQueue.remove(ReferenceQueue.java:143)
 com.mysql.jdbc.AbandonedConnectionCleanupThread.run(AbandonedConnectionCleanupThread.java:43)
05-Apr-2018 19:20:24.329 WARNING [localhost-startStop-2] org.apache.catalina.loader.WebappClassLoaderBase.clearReferencesThreads The web application [konakartadmin] appears to have started a thread named [Thread-8] but has failed to stop it. This is very likely to create a memory leak. Stack trace of thread:
 java.lang.Thread.sleep(Native Method)
 com.konakartadmin.bl.AdminConfigCacheUpdater.run(AdminConfigCacheUpdater.java:236)
05-Apr-2018 19:20:24.345 INFO [main] org.apache.coyote.AbstractProtocol.stop Stopping ProtocolHandler ["http-nio-8780"]
05-Apr-2018 19:20:24.360 INFO [main] org.apache.coyote.AbstractProtocol.stop Stopping ProtocolHandler ["https-jsse-nio-8783"]
05-Apr-2018 19:20:24.360 INFO [main] org.apache.coyote.AbstractProtocol.stop Stopping ProtocolHandler ["ajp-nio-8788"]
05-Apr-2018 19:20:24.360 INFO [main] org.apache.coyote.AbstractProtocol.destroy Destroying ProtocolHandler ["http-nio-8780"]
05-Apr-2018 19:20:24.360 INFO [main] org.apache.coyote.AbstractProtocol.destroy Destroying ProtocolHandler ["https-jsse-nio-8783"]
05-Apr-2018 19:20:24.360 INFO [main] org.apache.coyote.AbstractProtocol.destroy Destroying ProtocolHandler ["ajp-nio-8788"]
05-Apr-2018 19:20:30.706 WARNING [main] org.apache.tomcat.util.net.SSLHostConfig.setProtocols The protocol [TLSv1.1] was added to the list of protocols on the SSLHostConfig named [_default_]. Check if a +/- prefix is missing.
05-Apr-2018 19:20:30.706 WARNING [main] org.apache.tomcat.util.net.SSLHostConfig.setProtocols The protocol [TLSv1.2] was added to the list of protocols on the SSLHostConfig named [_default_]. Check if a +/- prefix is missing.
05-Apr-2018 19:20:30.768 INFO [main] org.apache.catalina.startup.VersionLoggerListener.log Server version:        Apache Tomcat/8.5.20
05-Apr-2018 19:20:30.768 INFO [main] org.apache.catalina.startup.VersionLoggerListener.log Server built:          Aug 2 2017 21:35:49 UTC
05-Apr-2018 19:20:30.768 INFO [main] org.apache.catalina.startup.VersionLoggerListener.log Server number:         8.5.20.0
05-Apr-2018 19:20:30.768 INFO [main] org.apache.catalina.startup.VersionLoggerListener.log OS Name:               Windows 7
05-Apr-2018 19:20:30.768 INFO [main] org.apache.catalina.startup.VersionLoggerListener.log OS Version:            6.1
05-Apr-2018 19:20:30.768 INFO [main] org.apache.catalina.startup.VersionLoggerListener.log Architecture:          amd64
05-Apr-2018 19:20:30.768 INFO [main] org.apache.catalina.startup.VersionLoggerListener.log Java Home:             C:\Program Files\Java\jdk1.8.0_161\jre
05-Apr-2018 19:20:30.768 INFO [main] org.apache.catalina.startup.VersionLoggerListener.log JVM Version:           1.8.0_161-b12
05-Apr-2018 19:20:30.768 INFO [main] org.apache.catalina.startup.VersionLoggerListener.log JVM Vendor:            Oracle Corporation
05-Apr-2018 19:20:30.768 INFO [main] org.apache.catalina.startup.VersionLoggerListener.log CATALINA_BASE:         C:\KonaKart
05-Apr-2018 19:20:30.768 INFO [main] org.apache.catalina.startup.VersionLoggerListener.log CATALINA_HOME:         C:\KonaKart
05-Apr-2018 19:20:30.784 INFO [main] org.apache.catalina.startup.VersionLoggerListener.log Command line argument: -Djava.util.logging.config.file=C:\KonaKart\bin\/..\conf\logging.properties
05-Apr-2018 19:20:30.784 INFO [main] org.apache.catalina.startup.VersionLoggerListener.log Command line argument: -Djava.util.logging.manager=org.apache.juli.ClassLoaderLogManager
05-Apr-2018 19:20:30.784 INFO [main] org.apache.catalina.startup.VersionLoggerListener.log Command line argument: -Djdk.tls.ephemeralDHKeySize=2048
05-Apr-2018 19:20:30.784 INFO [main] org.apache.catalina.startup.VersionLoggerListener.log Command line argument: -Djava.protocol.handler.pkgs=org.apache.catalina.webresources
05-Apr-2018 19:20:30.784 INFO [main] org.apache.catalina.startup.VersionLoggerListener.log Command line argument: -XX:PermSize=256m
05-Apr-2018 19:20:30.784 INFO [main] org.apache.catalina.startup.VersionLoggerListener.log Command line argument: -XX:MaxPermSize=256m
05-Apr-2018 19:20:30.784 INFO [main] org.apache.catalina.startup.VersionLoggerListener.log Command line argument: -Xmx1400m
05-Apr-2018 19:20:30.784 INFO [main] org.apache.catalina.startup.VersionLoggerListener.log Command line argument: -Dsolr.solr.home=C:\KonaKart\bin\/../solr
05-Apr-2018 19:20:30.784 INFO [main] org.apache.catalina.startup.VersionLoggerListener.log Command line argument: -Djava.awt.headless=true
05-Apr-2018 19:20:30.784 INFO [main] org.apache.catalina.startup.VersionLoggerListener.log Command line argument: -Dactivemq.store.dir=C:\KonaKart\bin\/../mq
05-Apr-2018 19:20:30.784 INFO [main] org.apache.catalina.startup.VersionLoggerListener.log Command line argument: -Dlog4j.debug=true
05-Apr-2018 19:20:30.784 INFO [main] org.apache.catalina.startup.VersionLoggerListener.log Command line argument: -Dkk.log4j.debug=true
05-Apr-2018 19:20:30.800 INFO [main] org.apache.catalina.startup.VersionLoggerListener.log Command line argument: -Dcatalina.base=C:\KonaKart\bin\/..
05-Apr-2018 19:20:30.800 INFO [main] org.apache.catalina.startup.VersionLoggerListener.log Command line argument: -Dcatalina.home=C:\KonaKart\bin\/..
05-Apr-2018 19:20:30.800 INFO [main] org.apache.catalina.startup.VersionLoggerListener.log Command line argument: -Djava.io.tmpdir=C:\KonaKart\bin\/..\temp
05-Apr-2018 19:20:30.800 INFO [main] org.apache.catalina.core.AprLifecycleListener.lifecycleEvent The APR based Apache Tomcat Native library which allows optimal performance in production environments was not found on the java.library.path: [C:\Program Files\Java\jdk1.8.0_161\bin;C:\Windows\Sun\Java\bin;C:\Windows\system32;C:\Windows;C:\ProgramData\Oracle\Java\javapath;C:\Windows\system32;C:\Windows;C:\Windows\System32\Wbem;C:\Windows\System32\WindowsPowerShell\v1.0\;C:\Program Files\Java\jdk1.8.0_161\bin;.]
05-Apr-2018 19:20:31.006 INFO [main] org.apache.coyote.AbstractProtocol.init Initializing ProtocolHandler ["http-nio-8780"]
05-Apr-2018 19:20:31.242 INFO [main] org.apache.tomcat.util.net.NioSelectorPool.getSharedSelector Using a shared selector for servlet write/read
05-Apr-2018 19:20:31.250 INFO [main] org.apache.coyote.AbstractProtocol.init Initializing ProtocolHandler ["https-jsse-nio-8783"]
05-Apr-2018 19:20:31.634 INFO [main] org.apache.tomcat.util.net.NioSelectorPool.getSharedSelector Using a shared selector for servlet write/read
05-Apr-2018 19:20:31.634 INFO [main] org.apache.coyote.AbstractProtocol.init Initializing ProtocolHandler ["ajp-nio-8788"]
05-Apr-2018 19:20:31.634 INFO [main] org.apache.tomcat.util.net.NioSelectorPool.getSharedSelector Using a shared selector for servlet write/read
05-Apr-2018 19:20:31.634 INFO [main] org.apache.catalina.startup.Catalina.load Initialization processed in 1579 ms
05-Apr-2018 19:20:31.680 INFO [main] org.apache.catalina.core.StandardService.startInternal Starting service [Catalina]
05-Apr-2018 19:20:31.680 INFO [main] org.apache.catalina.core.StandardEngine.startInternal Starting Servlet Engine: Apache Tomcat/8.5.20
05-Apr-2018 19:20:31.696 INFO [localhost-startStop-1] org.apache.catalina.startup.HostConfig.deployDirectory Deploying web application directory [C:\KonaKart\webapps\birtviewer]
05-Apr-2018 19:20:33.029 INFO [localhost-startStop-1] org.apache.jasper.servlet.TldScanner.scanJars At least one JAR was scanned for TLDs yet contained no TLDs. Enable debug logging for this logger for a complete list of JARs that were scanned but no TLDs were found in them. Skipping unneeded JARs during scanning can improve startup time and JSP compilation time.
05-Apr-2018 19:20:35.889 INFO [localhost-startStop-1] org.apache.catalina.startup.HostConfig.deployDirectory Deployment of web application directory [C:\KonaKart\webapps\birtviewer] has finished in [4,193] ms
05-Apr-2018 19:20:35.889 INFO [localhost-startStop-1] org.apache.catalina.startup.HostConfig.deployDirectory Deploying web application directory [C:\KonaKart\webapps\javadoc]
05-Apr-2018 19:20:35.927 INFO [localhost-startStop-1] org.apache.catalina.startup.HostConfig.deployDirectory Deployment of web application directory [C:\KonaKart\webapps\javadoc] has finished in [38] ms
05-Apr-2018 19:20:35.927 INFO [localhost-startStop-1] org.apache.catalina.startup.HostConfig.deployDirectory Deploying web application directory [C:\KonaKart\webapps\konakart]
05-Apr-2018 19:20:36.720 INFO [localhost-startStop-1] org.apache.jasper.servlet.TldScanner.scanJars At least one JAR was scanned for TLDs yet contained no TLDs. Enable debug logging for this logger for a complete list of JARs that were scanned but no TLDs were found in them. Skipping unneeded JARs during scanning can improve startup time and JSP compilation time.
05-Apr-2018 19:20:41.548 INFO [localhost-startStop-1] org.apache.catalina.startup.HostConfig.deployDirectory Deployment of web application directory [C:\KonaKart\webapps\konakart] has finished in [5,621] ms
05-Apr-2018 19:20:41.548 INFO [localhost-startStop-1] org.apache.catalina.startup.HostConfig.deployDirectory Deploying web application directory [C:\KonaKart\webapps\konakartadmin]
05-Apr-2018 19:20:42.377 INFO [localhost-startStop-1] org.apache.jasper.servlet.TldScanner.scanJars At least one JAR was scanned for TLDs yet contained no TLDs. Enable debug logging for this logger for a complete list of JARs that were scanned but no TLDs were found in them. Skipping unneeded JARs during scanning can improve startup time and JSP compilation time.
05-Apr-2018 19:20:45.757 INFO [localhost-startStop-1] org.apache.catalina.startup.HostConfig.deployDirectory Deployment of web application directory [C:\KonaKart\webapps\konakartadmin] has finished in [4,209] ms
05-Apr-2018 19:20:45.757 INFO [localhost-startStop-1] org.apache.catalina.startup.HostConfig.deployDirectory Deploying web application directory [C:\KonaKart\webapps\ROOT]
05-Apr-2018 19:20:45.792 INFO [localhost-startStop-1] org.apache.catalina.startup.HostConfig.deployDirectory Deployment of web application directory [C:\KonaKart\webapps\ROOT] has finished in [35] ms
05-Apr-2018 19:20:45.792 INFO [main] org.apache.coyote.AbstractProtocol.start Starting ProtocolHandler ["http-nio-8780"]
05-Apr-2018 19:20:45.807 INFO [main] org.apache.coyote.AbstractProtocol.start Starting ProtocolHandler ["https-jsse-nio-8783"]
05-Apr-2018 19:20:45.823 INFO [main] org.apache.coyote.AbstractProtocol.start Starting ProtocolHandler ["ajp-nio-8788"]
05-Apr-2018 19:20:45.823 INFO [main] org.apache.catalina.startup.Catalina.start Server startup in 14368 ms
05-Apr-2018 19:23:21.219 INFO [main] org.apache.catalina.core.StandardServer.await A valid shutdown command was received via the shutdown port. Stopping the Server instance.
05-Apr-2018 19:23:21.219 INFO [main] org.apache.coyote.AbstractProtocol.pause Pausing ProtocolHandler ["http-nio-8780"]
05-Apr-2018 19:23:21.340 INFO [main] org.apache.coyote.AbstractProtocol.pause Pausing ProtocolHandler ["https-jsse-nio-8783"]
05-Apr-2018 19:23:21.434 INFO [main] org.apache.coyote.AbstractProtocol.pause Pausing ProtocolHandler ["ajp-nio-8788"]
05-Apr-2018 19:23:21.523 INFO [main] org.apache.catalina.core.StandardService.stopInternal Stopping service [Catalina]
05-Apr-2018 19:23:21.602 WARNING [localhost-startStop-2] org.apache.catalina.loader.WebappClassLoaderBase.clearReferencesJdbc The web application [konakart] registered the JDBC driver [com.mysql.jdbc.Driver] but failed to unregister it when the web application was stopped. To prevent a memory leak, the JDBC Driver has been forcibly unregistered.
05-Apr-2018 19:23:21.602 WARNING [localhost-startStop-2] org.apache.catalina.loader.WebappClassLoaderBase.clearReferencesThreads The web application [konakart] appears to have started a thread named [Log4j2-TF-4-Scheduled-2] but has failed to stop it. This is very likely to create a memory leak. Stack trace of thread:
 sun.misc.Unsafe.park(Native Method)
 java.util.concurrent.locks.LockSupport.parkNanos(LockSupport.java:215)
 java.util.concurrent.locks.AbstractQueuedSynchronizer$ConditionObject.awaitNanos(AbstractQueuedSynchronizer.java:2078)
 java.util.concurrent.ScheduledThreadPoolExecutor$DelayedWorkQueue.take(ScheduledThreadPoolExecutor.java:1093)
 java.util.concurrent.ScheduledThreadPoolExecutor$DelayedWorkQueue.take(ScheduledThreadPoolExecutor.java:809)
 java.util.concurrent.ThreadPoolExecutor.getTask(ThreadPoolExecutor.java:1074)
 java.util.concurrent.ThreadPoolExecutor.runWorker(ThreadPoolExecutor.java:1134)
 java.util.concurrent.ThreadPoolExecutor$Worker.run(ThreadPoolExecutor.java:624)
 java.lang.Thread.run(Thread.java:748)
05-Apr-2018 19:23:21.602 WARNING [localhost-startStop-2] org.apache.catalina.loader.WebappClassLoaderBase.clearReferencesThreads The web application [konakart] appears to have started a thread named [Abandoned connection cleanup thread] but has failed to stop it. This is very likely to create a memory leak. Stack trace of thread:
 java.lang.Object.wait(Native Method)
 java.lang.ref.ReferenceQueue.remove(ReferenceQueue.java:143)
 com.mysql.jdbc.AbandonedConnectionCleanupThread.run(AbandonedConnectionCleanupThread.java:43)
05-Apr-2018 19:23:21.634 WARNING [localhost-startStop-2] org.apache.catalina.loader.WebappClassLoaderBase.clearReferencesJdbc The web application [konakartadmin] registered the JDBC driver [com.mysql.jdbc.Driver] but failed to unregister it when the web application was stopped. To prevent a memory leak, the JDBC Driver has been forcibly unregistered.
05-Apr-2018 19:23:21.634 WARNING [localhost-startStop-2] org.apache.catalina.loader.WebappClassLoaderBase.clearReferencesThreads The web application [konakartadmin] appears to have started a thread named [Log4j2-TF-4-Scheduled-2] but has failed to stop it. This is very likely to create a memory leak. Stack trace of thread:
 sun.misc.Unsafe.park(Native Method)
 java.util.concurrent.locks.LockSupport.parkNanos(LockSupport.java:215)
 java.util.concurrent.locks.AbstractQueuedSynchronizer$ConditionObject.awaitNanos(AbstractQueuedSynchronizer.java:2078)
 java.util.concurrent.ScheduledThreadPoolExecutor$DelayedWorkQueue.take(ScheduledThreadPoolExecutor.java:1093)
 java.util.concurrent.ScheduledThreadPoolExecutor$DelayedWorkQueue.take(ScheduledThreadPoolExecutor.java:809)
 java.util.concurrent.ThreadPoolExecutor.getTask(ThreadPoolExecutor.java:1074)
 java.util.concurrent.ThreadPoolExecutor.runWorker(ThreadPoolExecutor.java:1134)
 java.util.concurrent.ThreadPoolExecutor$Worker.run(ThreadPoolExecutor.java:624)
 java.lang.Thread.run(Thread.java:748)
05-Apr-2018 19:23:21.634 WARNING [localhost-startStop-2] org.apache.catalina.loader.WebappClassLoaderBase.clearReferencesThreads The web application [konakartadmin] appears to have started a thread named [Abandoned connection cleanup thread] but has failed to stop it. This is very likely to create a memory leak. Stack trace of thread:
 java.lang.Object.wait(Native Method)
 java.lang.ref.ReferenceQueue.remove(ReferenceQueue.java:143)
 com.mysql.jdbc.AbandonedConnectionCleanupThread.run(AbandonedConnectionCleanupThread.java:43)
05-Apr-2018 19:23:21.634 WARNING [localhost-startStop-2] org.apache.catalina.loader.WebappClassLoaderBase.clearReferencesThreads The web application [konakartadmin] appears to have started a thread named [Thread-8] but has failed to stop it. This is very likely to create a memory leak. Stack trace of thread:
 java.lang.Thread.sleep(Native Method)
 com.konakartadmin.bl.AdminConfigCacheUpdater.run(AdminConfigCacheUpdater.java:236)
05-Apr-2018 19:23:21.665 INFO [main] org.apache.coyote.AbstractProtocol.stop Stopping ProtocolHandler ["http-nio-8780"]
05-Apr-2018 19:23:21.665 INFO [main] org.apache.coyote.AbstractProtocol.stop Stopping ProtocolHandler ["https-jsse-nio-8783"]
05-Apr-2018 19:23:21.665 INFO [main] org.apache.coyote.AbstractProtocol.stop Stopping ProtocolHandler ["ajp-nio-8788"]
05-Apr-2018 19:23:21.680 INFO [main] org.apache.coyote.AbstractProtocol.destroy Destroying ProtocolHandler ["http-nio-8780"]
05-Apr-2018 19:23:21.680 INFO [main] org.apache.coyote.AbstractProtocol.destroy Destroying ProtocolHandler ["https-jsse-nio-8783"]
05-Apr-2018 19:23:21.680 INFO [main] org.apache.coyote.AbstractProtocol.destroy Destroying ProtocolHandler ["ajp-nio-8788"]
05-Apr-2018 19:23:27.461 WARNING [main] org.apache.tomcat.util.net.SSLHostConfig.setProtocols The protocol [TLSv1.1] was added to the list of protocols on the SSLHostConfig named [_default_]. Check if a +/- prefix is missing.
05-Apr-2018 19:23:27.461 WARNING [main] org.apache.tomcat.util.net.SSLHostConfig.setProtocols The protocol [TLSv1.2] was added to the list of protocols on the SSLHostConfig named [_default_]. Check if a +/- prefix is missing.
05-Apr-2018 19:23:27.523 INFO [main] org.apache.catalina.startup.VersionLoggerListener.log Server version:        Apache Tomcat/8.5.20
05-Apr-2018 19:23:27.523 INFO [main] org.apache.catalina.startup.VersionLoggerListener.log Server built:          Aug 2 2017 21:35:49 UTC
05-Apr-2018 19:23:27.523 INFO [main] org.apache.catalina.startup.VersionLoggerListener.log Server number:         8.5.20.0
05-Apr-2018 19:23:27.523 INFO [main] org.apache.catalina.startup.VersionLoggerListener.log OS Name:               Windows 7
05-Apr-2018 19:23:27.523 INFO [main] org.apache.catalina.startup.VersionLoggerListener.log OS Version:            6.1
05-Apr-2018 19:23:27.523 INFO [main] org.apache.catalina.startup.VersionLoggerListener.log Architecture:          amd64
05-Apr-2018 19:23:27.523 INFO [main] org.apache.catalina.startup.VersionLoggerListener.log Java Home:             C:\Program Files\Java\jdk1.8.0_161\jre
05-Apr-2018 19:23:27.523 INFO [main] org.apache.catalina.startup.VersionLoggerListener.log JVM Version:           1.8.0_161-b12
05-Apr-2018 19:23:27.523 INFO [main] org.apache.catalina.startup.VersionLoggerListener.log JVM Vendor:            Oracle Corporation
05-Apr-2018 19:23:27.523 INFO [main] org.apache.catalina.startup.VersionLoggerListener.log CATALINA_BASE:         C:\KonaKart
05-Apr-2018 19:23:27.523 INFO [main] org.apache.catalina.startup.VersionLoggerListener.log CATALINA_HOME:         C:\KonaKart
05-Apr-2018 19:23:27.539 INFO [main] org.apache.catalina.startup.VersionLoggerListener.log Command line argument: -Djava.util.logging.config.file=C:\KonaKart\bin\/..\conf\logging.properties
05-Apr-2018 19:23:27.539 INFO [main] org.apache.catalina.startup.VersionLoggerListener.log Command line argument: -Djava.util.logging.manager=org.apache.juli.ClassLoaderLogManager
05-Apr-2018 19:23:27.540 INFO [main] org.apache.catalina.startup.VersionLoggerListener.log Command line argument: -Djdk.tls.ephemeralDHKeySize=2048
05-Apr-2018 19:23:27.541 INFO [main] org.apache.catalina.startup.VersionLoggerListener.log Command line argument: -Djava.protocol.handler.pkgs=org.apache.catalina.webresources
05-Apr-2018 19:23:27.542 INFO [main] org.apache.catalina.startup.VersionLoggerListener.log Command line argument: -XX:PermSize=256m
05-Apr-2018 19:23:27.542 INFO [main] org.apache.catalina.startup.VersionLoggerListener.log Command line argument: -XX:MaxPermSize=256m
05-Apr-2018 19:23:27.542 INFO [main] org.apache.catalina.startup.VersionLoggerListener.log Command line argument: -Xmx1400m
05-Apr-2018 19:23:27.542 INFO [main] org.apache.catalina.startup.VersionLoggerListener.log Command line argument: -Dsolr.solr.home=C:\KonaKart\bin\/../solr
05-Apr-2018 19:23:27.542 INFO [main] org.apache.catalina.startup.VersionLoggerListener.log Command line argument: -Djava.awt.headless=true
05-Apr-2018 19:23:27.542 INFO [main] org.apache.catalina.startup.VersionLoggerListener.log Command line argument: -Dactivemq.store.dir=C:\KonaKart\bin\/../mq
05-Apr-2018 19:23:27.542 INFO [main] org.apache.catalina.startup.VersionLoggerListener.log Command line argument: -Dlog4j.debug=true
05-Apr-2018 19:23:27.542 INFO [main] org.apache.catalina.startup.VersionLoggerListener.log Command line argument: -Dkk.log4j.debug=true
05-Apr-2018 19:23:27.542 INFO [main] org.apache.catalina.startup.VersionLoggerListener.log Command line argument: -Dcatalina.base=C:\KonaKart\bin\/..
05-Apr-2018 19:23:27.542 INFO [main] org.apache.catalina.startup.VersionLoggerListener.log Command line argument: -Dcatalina.home=C:\KonaKart\bin\/..
05-Apr-2018 19:23:27.557 INFO [main] org.apache.catalina.startup.VersionLoggerListener.log Command line argument: -Djava.io.tmpdir=C:\KonaKart\bin\/..\temp
05-Apr-2018 19:23:27.557 INFO [main] org.apache.catalina.core.AprLifecycleListener.lifecycleEvent The APR based Apache Tomcat Native library which allows optimal performance in production environments was not found on the java.library.path: [C:\Program Files\Java\jdk1.8.0_161\bin;C:\Windows\Sun\Java\bin;C:\Windows\system32;C:\Windows;C:\ProgramData\Oracle\Java\javapath;C:\Windows\system32;C:\Windows;C:\Windows\System32\Wbem;C:\Windows\System32\WindowsPowerShell\v1.0\;C:\Program Files\Java\jdk1.8.0_161\bin;.]
05-Apr-2018 19:23:27.746 INFO [main] org.apache.coyote.AbstractProtocol.init Initializing ProtocolHandler ["http-nio-8780"]
05-Apr-2018 19:23:27.920 INFO [main] org.apache.tomcat.util.net.NioSelectorPool.getSharedSelector Using a shared selector for servlet write/read
05-Apr-2018 19:23:27.920 INFO [main] org.apache.coyote.AbstractProtocol.init Initializing ProtocolHandler ["https-jsse-nio-8783"]
05-Apr-2018 19:23:28.236 INFO [main] org.apache.tomcat.util.net.NioSelectorPool.getSharedSelector Using a shared selector for servlet write/read
05-Apr-2018 19:23:28.236 INFO [main] org.apache.coyote.AbstractProtocol.init Initializing ProtocolHandler ["ajp-nio-8788"]
05-Apr-2018 19:23:28.236 INFO [main] org.apache.tomcat.util.net.NioSelectorPool.getSharedSelector Using a shared selector for servlet write/read
05-Apr-2018 19:23:28.236 INFO [main] org.apache.catalina.startup.Catalina.load Initialization processed in 1492 ms
05-Apr-2018 19:23:28.267 INFO [main] org.apache.catalina.core.StandardService.startInternal Starting service [Catalina]
05-Apr-2018 19:23:28.267 INFO [main] org.apache.catalina.core.StandardEngine.startInternal Starting Servlet Engine: Apache Tomcat/8.5.20
05-Apr-2018 19:23:28.283 INFO [localhost-startStop-1] org.apache.catalina.startup.HostConfig.deployDirectory Deploying web application directory [C:\KonaKart\webapps\birtviewer]
05-Apr-2018 19:23:29.451 INFO [localhost-startStop-1] org.apache.jasper.servlet.TldScanner.scanJars At least one JAR was scanned for TLDs yet contained no TLDs. Enable debug logging for this logger for a complete list of JARs that were scanned but no TLDs were found in them. Skipping unneeded JARs during scanning can improve startup time and JSP compilation time.
05-Apr-2018 19:23:32.182 INFO [localhost-startStop-1] org.apache.catalina.startup.HostConfig.deployDirectory Deployment of web application directory [C:\KonaKart\webapps\birtviewer] has finished in [3,899] ms
05-Apr-2018 19:23:32.182 INFO [localhost-startStop-1] org.apache.catalina.startup.HostConfig.deployDirectory Deploying web application directory [C:\KonaKart\webapps\javadoc]
05-Apr-2018 19:23:32.198 INFO [localhost-startStop-1] org.apache.catalina.startup.HostConfig.deployDirectory Deployment of web application directory [C:\KonaKart\webapps\javadoc] has finished in [16] ms
05-Apr-2018 19:23:32.198 INFO [localhost-startStop-1] org.apache.catalina.startup.HostConfig.deployDirectory Deploying web application directory [C:\KonaKart\webapps\konakart]
05-Apr-2018 19:23:32.845 INFO [localhost-startStop-1] org.apache.jasper.servlet.TldScanner.scanJars At least one JAR was scanned for TLDs yet contained no TLDs. Enable debug logging for this logger for a complete list of JARs that were scanned but no TLDs were found in them. Skipping unneeded JARs during scanning can improve startup time and JSP compilation time.
05-Apr-2018 19:23:37.511 INFO [localhost-startStop-1] org.apache.catalina.startup.HostConfig.deployDirectory Deployment of web application directory [C:\KonaKart\webapps\konakart] has finished in [5,313] ms
05-Apr-2018 19:23:37.511 INFO [localhost-startStop-1] org.apache.catalina.startup.HostConfig.deployDirectory Deploying web application directory [C:\KonaKart\webapps\konakartadmin]
05-Apr-2018 19:23:38.210 INFO [localhost-startStop-1] org.apache.jasper.servlet.TldScanner.scanJars At least one JAR was scanned for TLDs yet contained no TLDs. Enable debug logging for this logger for a complete list of JARs that were scanned but no TLDs were found in them. Skipping unneeded JARs during scanning can improve startup time and JSP compilation time.
05-Apr-2018 19:23:41.184 INFO [localhost-startStop-1] org.apache.catalina.startup.HostConfig.deployDirectory Deployment of web application directory [C:\KonaKart\webapps\konakartadmin] has finished in [3,673] ms
05-Apr-2018 19:23:41.184 INFO [localhost-startStop-1] org.apache.catalina.startup.HostConfig.deployDirectory Deploying web application directory [C:\KonaKart\webapps\ROOT]
05-Apr-2018 19:23:41.200 INFO [localhost-startStop-1] org.apache.catalina.startup.HostConfig.deployDirectory Deployment of web application directory [C:\KonaKart\webapps\ROOT] has finished in [16] ms
05-Apr-2018 19:23:41.216 INFO [main] org.apache.coyote.AbstractProtocol.start Starting ProtocolHandler ["http-nio-8780"]
05-Apr-2018 19:23:41.232 INFO [main] org.apache.coyote.AbstractProtocol.start Starting ProtocolHandler ["https-jsse-nio-8783"]
05-Apr-2018 19:23:41.232 INFO [main] org.apache.coyote.AbstractProtocol.start Starting ProtocolHandler ["ajp-nio-8788"]
05-Apr-2018 19:23:41.232 INFO [main] org.apache.catalina.startup.Catalina.start Server startup in 13124 ms
