
C:\KonaKart>REM

C:\KonaKart>REM Copy duplicate files - Generated by CreateInstallDuplicatesScripts 

C:\KonaKart>REM

C:\KonaKart>REM Copy jars from konakart to konakartadmin 

C:\KonaKart>COPY C:\KonaKart\webapps\konakart\WEB-INF\lib\mysql-connector-java-5.1.39-bin.jar C:\KonaKart\webapps\konakartadmin\WEB-INF\lib\ 
        1 file(s) copied.

C:\KonaKart>COPY C:\KonaKart\webapps\konakart\WEB-INF\lib\postgresql-9.4.1209.jre7.jar C:\KonaKart\webapps\konakartadmin\WEB-INF\lib\ 
        1 file(s) copied.

C:\KonaKart>COPY C:\KonaKart\webapps\konakart\WEB-INF\lib\ojdbc6.jar C:\KonaKart\webapps\konakartadmin\WEB-INF\lib\ 
        1 file(s) copied.

C:\KonaKart>COPY C:\KonaKart\webapps\konakart\WEB-INF\lib\db2jcc.jar C:\KonaKart\webapps\konakartadmin\WEB-INF\lib\ 
        1 file(s) copied.

C:\KonaKart>COPY C:\KonaKart\webapps\konakart\WEB-INF\lib\db2jcc_license_cu.jar C:\KonaKart\webapps\konakartadmin\WEB-INF\lib\ 
        1 file(s) copied.

C:\KonaKart>COPY C:\KonaKart\webapps\konakart\WEB-INF\lib\jtds-1.2.6.jar C:\KonaKart\webapps\konakartadmin\WEB-INF\lib\ 
        1 file(s) copied.

C:\KonaKart>COPY C:\KonaKart\webapps\konakart\WEB-INF\lib\activation-1.1.1.jar C:\KonaKart\webapps\konakartadmin\WEB-INF\lib\ 
        1 file(s) copied.

C:\KonaKart>COPY C:\KonaKart\webapps\konakart\WEB-INF\lib\antlr-2.7.5.jar C:\KonaKart\webapps\konakartadmin\WEB-INF\lib\ 
        1 file(s) copied.

C:\KonaKart>COPY C:\KonaKart\webapps\konakart\WEB-INF\lib\avalon-framework-api-4.3.jar C:\KonaKart\webapps\konakartadmin\WEB-INF\lib\ 
        1 file(s) copied.

C:\KonaKart>COPY C:\KonaKart\webapps\konakart\WEB-INF\lib\avalon-logkit-2.1.jar C:\KonaKart\webapps\konakartadmin\WEB-INF\lib\ 
        1 file(s) copied.

C:\KonaKart>COPY C:\KonaKart\webapps\konakart\WEB-INF\lib\axis-1.4.jar C:\KonaKart\webapps\konakartadmin\WEB-INF\lib\ 
        1 file(s) copied.

C:\KonaKart>COPY C:\KonaKart\webapps\konakart\WEB-INF\lib\commons-beanutils-1.8.0.jar C:\KonaKart\webapps\konakartadmin\WEB-INF\lib\ 
        1 file(s) copied.

C:\KonaKart>COPY C:\KonaKart\webapps\konakart\WEB-INF\lib\commons-collections-3.2.jar C:\KonaKart\webapps\konakartadmin\WEB-INF\lib\ 
        1 file(s) copied.

C:\KonaKart>COPY C:\KonaKart\webapps\konakart\WEB-INF\lib\commons-configuration-1.7.jar C:\KonaKart\webapps\konakartadmin\WEB-INF\lib\ 
        1 file(s) copied.

C:\KonaKart>COPY C:\KonaKart\webapps\konakart\WEB-INF\lib\commons-dbcp-1.4.jar C:\KonaKart\webapps\konakartadmin\WEB-INF\lib\ 
        1 file(s) copied.

C:\KonaKart>COPY C:\KonaKart\webapps\konakart\WEB-INF\lib\commons-digester-2.0.jar C:\KonaKart\webapps\konakartadmin\WEB-INF\lib\ 
        1 file(s) copied.

C:\KonaKart>COPY C:\KonaKart\webapps\konakart\WEB-INF\lib\commons-discovery-0.2.jar C:\KonaKart\webapps\konakartadmin\WEB-INF\lib\ 
        1 file(s) copied.

C:\KonaKart>COPY C:\KonaKart\webapps\konakart\WEB-INF\lib\commons-fileupload-1.3.2.jar C:\KonaKart\webapps\konakartadmin\WEB-INF\lib\ 
        1 file(s) copied.

C:\KonaKart>COPY C:\KonaKart\webapps\konakart\WEB-INF\lib\commons-io-2.0.1.jar C:\KonaKart\webapps\konakartadmin\WEB-INF\lib\ 
        1 file(s) copied.

C:\KonaKart>COPY C:\KonaKart\webapps\konakart\WEB-INF\lib\commons-lang-2.4.jar C:\KonaKart\webapps\konakartadmin\WEB-INF\lib\ 
        1 file(s) copied.

C:\KonaKart>COPY C:\KonaKart\webapps\konakart\WEB-INF\lib\commons-lang3-3.6.jar C:\KonaKart\webapps\konakartadmin\WEB-INF\lib\ 
        1 file(s) copied.

C:\KonaKart>COPY C:\KonaKart\webapps\konakart\WEB-INF\lib\commons-logging-1.1.1.jar C:\KonaKart\webapps\konakartadmin\WEB-INF\lib\ 
        1 file(s) copied.

C:\KonaKart>COPY C:\KonaKart\webapps\konakart\WEB-INF\lib\commons-pool-1.3.jar C:\KonaKart\webapps\konakartadmin\WEB-INF\lib\ 
        1 file(s) copied.

C:\KonaKart>COPY C:\KonaKart\webapps\konakart\WEB-INF\lib\commons-validator-1.6.jar C:\KonaKart\webapps\konakartadmin\WEB-INF\lib\ 
        1 file(s) copied.

C:\KonaKart>COPY C:\KonaKart\webapps\konakart\WEB-INF\lib\validation-api-1.0.0.GA.jar C:\KonaKart\webapps\konakartadmin\WEB-INF\lib\ 
        1 file(s) copied.

C:\KonaKart>COPY C:\KonaKart\webapps\konakart\WEB-INF\lib\oro-2.0.8.jar C:\KonaKart\webapps\konakartadmin\WEB-INF\lib\ 
        1 file(s) copied.

C:\KonaKart>COPY C:\KonaKart\webapps\konakart\WEB-INF\lib\axis-jaxrpc-1.4.jar C:\KonaKart\webapps\konakartadmin\WEB-INF\lib\ 
        1 file(s) copied.

C:\KonaKart>COPY C:\KonaKart\webapps\konakart\WEB-INF\lib\jcs-1.3.jar C:\KonaKart\webapps\konakartadmin\WEB-INF\lib\ 
        1 file(s) copied.

C:\KonaKart>COPY C:\KonaKart\webapps\konakart\WEB-INF\lib\jdbc-stdext-2.0.jar C:\KonaKart\webapps\konakartadmin\WEB-INF\lib\ 
        1 file(s) copied.

C:\KonaKart>COPY C:\KonaKart\webapps\konakart\WEB-INF\lib\jdom-1.0.jar C:\KonaKart\webapps\konakartadmin\WEB-INF\lib\ 
        1 file(s) copied.

C:\KonaKart>COPY C:\KonaKart\webapps\konakart\WEB-INF\lib\jndi-1.2.1.jar C:\KonaKart\webapps\konakartadmin\WEB-INF\lib\ 
        1 file(s) copied.

C:\KonaKart>COPY C:\KonaKart\webapps\konakart\WEB-INF\lib\konakart-*.jar C:\KonaKart\webapps\konakartadmin\WEB-INF\lib\ 
C:\KonaKart\webapps\konakart\WEB-INF\lib\konakart-8.8.1.0.jar
        1 file(s) copied.

C:\KonaKart>COPY C:\KonaKart\webapps\konakart\WEB-INF\lib\konakart_custom_utils-*.jar C:\KonaKart\webapps\konakartadmin\WEB-INF\lib\ 
C:\KonaKart\webapps\konakart\WEB-INF\lib\konakart_custom_utils-8.8.1.0.jar
        1 file(s) copied.

C:\KonaKart>COPY C:\KonaKart\webapps\konakart\WEB-INF\lib\konakart_fedex-*.jar C:\KonaKart\webapps\konakartadmin\WEB-INF\lib\ 
C:\KonaKart\webapps\konakart\WEB-INF\lib\konakart_fedex-8.8.1.0.jar
        1 file(s) copied.

C:\KonaKart>COPY C:\KonaKart\webapps\konakart\WEB-INF\lib\konakart_ordertotal*.jar C:\KonaKart\webapps\konakartadmin\WEB-INF\lib\ 
C:\KonaKart\webapps\konakart\WEB-INF\lib\konakart_ordertotal_buyxgetyfree-8.8.1.0.jar
C:\KonaKart\webapps\konakart\WEB-INF\lib\konakart_ordertotal_externaltax-8.8.1.0.jar
C:\KonaKart\webapps\konakart\WEB-INF\lib\konakart_ordertotal_freeproduct-8.8.1.0.jar
C:\KonaKart\webapps\konakart\WEB-INF\lib\konakart_ordertotal_giftcertificate-8.8.1.0.jar
C:\KonaKart\webapps\konakart\WEB-INF\lib\konakart_ordertotal_paymentcharge-8.8.1.0.jar
C:\KonaKart\webapps\konakart\WEB-INF\lib\konakart_ordertotal_productdiscount-8.8.1.0.jar
C:\KonaKart\webapps\konakart\WEB-INF\lib\konakart_ordertotal_productrewardpoints-8.8.1.0.jar
C:\KonaKart\webapps\konakart\WEB-INF\lib\konakart_ordertotal_redeempoints-8.8.1.0.jar
C:\KonaKart\webapps\konakart\WEB-INF\lib\konakart_ordertotal_rewardpoints-8.8.1.0.jar
C:\KonaKart\webapps\konakart\WEB-INF\lib\konakart_ordertotal_shipping-8.8.1.0.jar
C:\KonaKart\webapps\konakart\WEB-INF\lib\konakart_ordertotal_shippingdiscount-8.8.1.0.jar
C:\KonaKart\webapps\konakart\WEB-INF\lib\konakart_ordertotal_subtotal-8.8.1.0.jar
C:\KonaKart\webapps\konakart\WEB-INF\lib\konakart_ordertotal_tax-8.8.1.0.jar
C:\KonaKart\webapps\konakart\WEB-INF\lib\konakart_ordertotal_taxcloud-8.8.1.0.jar
C:\KonaKart\webapps\konakart\WEB-INF\lib\konakart_ordertotal_thomson-8.8.1.0.jar
C:\KonaKart\webapps\konakart\WEB-INF\lib\konakart_ordertotal_total-8.8.1.0.jar
C:\KonaKart\webapps\konakart\WEB-INF\lib\konakart_ordertotal_totaldiscount-8.8.1.0.jar
C:\KonaKart\webapps\konakart\WEB-INF\lib\konakart_ordertotal_totaldiscountadmin-8.8.1.0.jar
       18 file(s) copied.

C:\KonaKart>COPY C:\KonaKart\webapps\konakart\WEB-INF\lib\konakart_payment*.jar C:\KonaKart\webapps\konakartadmin\WEB-INF\lib\ 
C:\KonaKart\webapps\konakart\WEB-INF\lib\konakart_payment_authorizenet-8.8.1.0.jar
C:\KonaKart\webapps\konakart\WEB-INF\lib\konakart_payment_barclaycardsmartpayapi-8.8.1.0.jar
C:\KonaKart\webapps\konakart\WEB-INF\lib\konakart_payment_barclaycardsmartpayhosted-8.8.1.0.jar
C:\KonaKart\webapps\konakart\WEB-INF\lib\konakart_payment_bluepay-8.8.1.0.jar
C:\KonaKart\webapps\konakart\WEB-INF\lib\konakart_payment_caledon-8.8.1.0.jar
C:\KonaKart\webapps\konakart\WEB-INF\lib\konakart_payment_chronopay-8.8.1.0.jar
C:\KonaKart\webapps\konakart\WEB-INF\lib\konakart_payment_cod-8.8.1.0.jar
C:\KonaKart\webapps\konakart\WEB-INF\lib\konakart_payment_commideavanguard-8.8.1.0.jar
C:\KonaKart\webapps\konakart\WEB-INF\lib\konakart_payment_cybersourcesa-8.8.1.0.jar
C:\KonaKart\webapps\konakart\WEB-INF\lib\konakart_payment_elink-8.8.1.0.jar
C:\KonaKart\webapps\konakart\WEB-INF\lib\konakart_payment_eway_au-8.8.1.0.jar
C:\KonaKart\webapps\konakart\WEB-INF\lib\konakart_payment_globalcollect-8.8.1.0.jar
C:\KonaKart\webapps\konakart\WEB-INF\lib\konakart_payment_moneybookers-8.8.1.0.jar
C:\KonaKart\webapps\konakart\WEB-INF\lib\konakart_payment_netpayintl-8.8.1.0.jar
C:\KonaKart\webapps\konakart\WEB-INF\lib\konakart_payment_payflowpro-8.8.1.0.jar
C:\KonaKart\webapps\konakart\WEB-INF\lib\konakart_payment_payjunction-8.8.1.0.jar
C:\KonaKart\webapps\konakart\WEB-INF\lib\konakart_payment_paypal-8.8.1.0.jar
C:\KonaKart\webapps\konakart\WEB-INF\lib\konakart_payment_usaepay-8.8.1.0.jar
C:\KonaKart\webapps\konakart\WEB-INF\lib\konakart_payment_worldpay-8.8.1.0.jar
C:\KonaKart\webapps\konakart\WEB-INF\lib\konakart_payment_worldpayxmlredirect-8.8.1.0.jar
       20 file(s) copied.

C:\KonaKart>COPY C:\KonaKart\webapps\konakart\WEB-INF\lib\konakart_shipping*.jar C:\KonaKart\webapps\konakartadmin\WEB-INF\lib\ 
C:\KonaKart\webapps\konakart\WEB-INF\lib\konakart_shipping_digitaldownload-8.8.1.0.jar
C:\KonaKart\webapps\konakart\WEB-INF\lib\konakart_shipping_fedex-8.8.1.0.jar
C:\KonaKart\webapps\konakart\WEB-INF\lib\konakart_shipping_flat-8.8.1.0.jar
C:\KonaKart\webapps\konakart\WEB-INF\lib\konakart_shipping_free-8.8.1.0.jar
C:\KonaKart\webapps\konakart\WEB-INF\lib\konakart_shipping_freeproduct-8.8.1.0.jar
C:\KonaKart\webapps\konakart\WEB-INF\lib\konakart_shipping_item-8.8.1.0.jar
C:\KonaKart\webapps\konakart\WEB-INF\lib\konakart_shipping_pickupinstore-8.8.1.0.jar
C:\KonaKart\webapps\konakart\WEB-INF\lib\konakart_shipping_table-8.8.1.0.jar
C:\KonaKart\webapps\konakart\WEB-INF\lib\konakart_shipping_ups-8.8.1.0.jar
C:\KonaKart\webapps\konakart\WEB-INF\lib\konakart_shipping_usps-8.8.1.0.jar
C:\KonaKart\webapps\konakart\WEB-INF\lib\konakart_shipping_uspsint-8.8.1.0.jar
C:\KonaKart\webapps\konakart\WEB-INF\lib\konakart_shipping_zones-8.8.1.0.jar
       12 file(s) copied.

C:\KonaKart>COPY C:\KonaKart\webapps\konakart\WEB-INF\lib\konakart_torque-*.jar C:\KonaKart\webapps\konakartadmin\WEB-INF\lib\ 
C:\KonaKart\webapps\konakart\WEB-INF\lib\konakart_torque-8.8.1.0.jar
        1 file(s) copied.

C:\KonaKart>COPY C:\KonaKart\webapps\konakart\WEB-INF\lib\konakart_utils-*.jar C:\KonaKart\webapps\konakartadmin\WEB-INF\lib\ 
C:\KonaKart\webapps\konakart\WEB-INF\lib\konakart_utils-8.8.1.0.jar
        1 file(s) copied.

C:\KonaKart>COPY C:\KonaKart\webapps\konakart\WEB-INF\lib\konakart_village-*.jar C:\KonaKart\webapps\konakartadmin\WEB-INF\lib\ 
C:\KonaKart\webapps\konakart\WEB-INF\lib\konakart_village-8.8.1.0.jar
        1 file(s) copied.

C:\KonaKart>COPY C:\KonaKart\webapps\konakart\WEB-INF\lib\konakart_authorizenet-*.jar C:\KonaKart\webapps\konakartadmin\WEB-INF\lib\ 
C:\KonaKart\webapps\konakart\WEB-INF\lib\konakart_authorizenet-8.8.1.0.jar
        1 file(s) copied.

C:\KonaKart>COPY C:\KonaKart\webapps\konakart\WEB-INF\lib\log4j-api-2.8.1.jar C:\KonaKart\webapps\konakartadmin\WEB-INF\lib\ 
        1 file(s) copied.

C:\KonaKart>COPY C:\KonaKart\webapps\konakart\WEB-INF\lib\logkit-1.0.1.jar C:\KonaKart\webapps\konakartadmin\WEB-INF\lib\ 
        1 file(s) copied.

C:\KonaKart>COPY C:\KonaKart\webapps\konakart\WEB-INF\lib\javax.mail-api-1.5.5.jar C:\KonaKart\webapps\konakartadmin\WEB-INF\lib\ 
        1 file(s) copied.

C:\KonaKart>COPY C:\KonaKart\webapps\konakart\WEB-INF\lib\oro-2.0.8.jar C:\KonaKart\webapps\konakartadmin\WEB-INF\lib\ 
        1 file(s) copied.

C:\KonaKart>COPY C:\KonaKart\webapps\konakart\WEB-INF\lib\axis-saaj-1.4.jar C:\KonaKart\webapps\konakartadmin\WEB-INF\lib\ 
        1 file(s) copied.

C:\KonaKart>COPY C:\KonaKart\webapps\konakart\WEB-INF\lib\stratum-1.0-b3.jar C:\KonaKart\webapps\konakartadmin\WEB-INF\lib\ 
        1 file(s) copied.

C:\KonaKart>COPY C:\KonaKart\webapps\konakart\WEB-INF\lib\velocity-1.6.2.jar C:\KonaKart\webapps\konakartadmin\WEB-INF\lib\ 
        1 file(s) copied.

C:\KonaKart>COPY C:\KonaKart\webapps\konakart\WEB-INF\lib\velocity-tools-generic-1.3.jar C:\KonaKart\webapps\konakartadmin\WEB-INF\lib\ 
        1 file(s) copied.

C:\KonaKart>COPY C:\KonaKart\webapps\konakart\WEB-INF\lib\werken-xpath-0.9.4.jar C:\KonaKart\webapps\konakartadmin\WEB-INF\lib\ 
        1 file(s) copied.

C:\KonaKart>COPY C:\KonaKart\webapps\konakart\WEB-INF\lib\wsdl4j-1.5.1.jar C:\KonaKart\webapps\konakartadmin\WEB-INF\lib\ 
        1 file(s) copied.

C:\KonaKart>COPY C:\KonaKart\webapps\konakart\WEB-INF\lib\xml-apis-1.0.b2.jar C:\KonaKart\webapps\konakartadmin\WEB-INF\lib\ 
        1 file(s) copied.

C:\KonaKart>REM Copy jars from konakart to birtviewer 

C:\KonaKart>COPY C:\KonaKart\webapps\konakart\WEB-INF\lib\mysql-connector-java-5.1.39-bin.jar C:\KonaKart\webapps\birtviewer\WEB-INF\lib\ 
        1 file(s) copied.

C:\KonaKart>COPY C:\KonaKart\webapps\konakart\WEB-INF\lib\postgresql-9.4.1209.jre7.jar C:\KonaKart\webapps\birtviewer\WEB-INF\lib\ 
        1 file(s) copied.

C:\KonaKart>COPY C:\KonaKart\webapps\konakart\WEB-INF\lib\ojdbc6.jar C:\KonaKart\webapps\birtviewer\WEB-INF\lib\ 
        1 file(s) copied.

C:\KonaKart>COPY C:\KonaKart\webapps\konakart\WEB-INF\lib\db2jcc.jar C:\KonaKart\webapps\birtviewer\WEB-INF\lib\ 
        1 file(s) copied.

C:\KonaKart>COPY C:\KonaKart\webapps\konakart\WEB-INF\lib\db2jcc_license_cu.jar C:\KonaKart\webapps\birtviewer\WEB-INF\lib\ 
        1 file(s) copied.

C:\KonaKart>COPY C:\KonaKart\webapps\konakart\WEB-INF\lib\jtds-1.2.6.jar C:\KonaKart\webapps\birtviewer\WEB-INF\lib\ 
        1 file(s) copied.

C:\KonaKart>COPY C:\KonaKart\webapps\konakart\WEB-INF\lib\activation-1.1.1.jar C:\KonaKart\webapps\birtviewer\WEB-INF\lib\ 
        1 file(s) copied.

C:\KonaKart>COPY C:\KonaKart\webapps\konakart\WEB-INF\lib\axis-1.4.jar C:\KonaKart\webapps\birtviewer\WEB-INF\lib\ 
        1 file(s) copied.

C:\KonaKart>COPY C:\KonaKart\webapps\konakart\WEB-INF\lib\commons-collections-3.2.jar C:\KonaKart\webapps\birtviewer\WEB-INF\lib\ 
        1 file(s) copied.

C:\KonaKart>COPY C:\KonaKart\webapps\konakart\WEB-INF\lib\commons-configuration-1.7.jar C:\KonaKart\webapps\birtviewer\WEB-INF\lib\ 
        1 file(s) copied.

C:\KonaKart>COPY C:\KonaKart\webapps\konakart\WEB-INF\lib\commons-discovery-0.2.jar C:\KonaKart\webapps\birtviewer\WEB-INF\lib\ 
        1 file(s) copied.

C:\KonaKart>COPY C:\KonaKart\webapps\konakart\WEB-INF\lib\commons-lang3-3.6.jar C:\KonaKart\webapps\birtviewer\WEB-INF\lib\ 
        1 file(s) copied.

C:\KonaKart>COPY C:\KonaKart\webapps\konakart\WEB-INF\lib\commons-logging-1.1.1.jar C:\KonaKart\webapps\birtviewer\WEB-INF\lib\ 
        1 file(s) copied.

C:\KonaKart>COPY C:\KonaKart\webapps\konakart\WEB-INF\lib\axis-jaxrpc-1.4.jar C:\KonaKart\webapps\birtviewer\WEB-INF\lib\ 
        1 file(s) copied.

C:\KonaKart>COPY C:\KonaKart\webapps\konakart\WEB-INF\lib\log4j-api-2.8.1.jar C:\KonaKart\webapps\birtviewer\WEB-INF\lib\ 
        1 file(s) copied.

C:\KonaKart>COPY C:\KonaKart\webapps\konakart\WEB-INF\lib\javax.mail-api-1.5.5.jar C:\KonaKart\webapps\birtviewer\WEB-INF\lib\ 
        1 file(s) copied.

C:\KonaKart>COPY C:\KonaKart\webapps\konakart\WEB-INF\lib\axis-saaj-1.4.jar C:\KonaKart\webapps\birtviewer\WEB-INF\lib\ 
        1 file(s) copied.

C:\KonaKart>COPY C:\KonaKart\webapps\konakart\WEB-INF\lib\wsdl4j-1.5.1.jar C:\KonaKart\webapps\birtviewer\WEB-INF\lib\ 
        1 file(s) copied.

C:\KonaKart>REM Copy AdminMessages from konakartadmin to konakart 

C:\KonaKart>COPY C:\KonaKart\webapps\konakartadmin\WEB-INF\classes\AdminMessages*.properties C:\KonaKart\webapps\konakart\WEB-INF\classes\ 
C:\KonaKart\webapps\konakartadmin\WEB-INF\classes\AdminMessages.properties
C:\KonaKart\webapps\konakartadmin\WEB-INF\classes\AdminMessages_de.properties
C:\KonaKart\webapps\konakartadmin\WEB-INF\classes\AdminMessages_es.properties
C:\KonaKart\webapps\konakartadmin\WEB-INF\classes\AdminMessages_fr.properties
C:\KonaKart\webapps\konakartadmin\WEB-INF\classes\AdminMessages_pt.properties
        5 file(s) copied.
